{"/mnt/d/Projects/MyGame/gomoku/src/App.tsx": {"path":"/mnt/d/Projects/MyGame/gomoku/src/App.tsx","statementMap":{"0":{"start":{"line":33,"column":0},"end":{"line":33,"column":24}},"1":{"start":{"line":6,"column":0},"end":{"line":6,"column":52}},"2":{"start":{"line":7,"column":0},"end":{"line":7,"column":47}},"3":{"start":{"line":10,"column":23},"end":{"line":10,"column":77}},"4":{"start":{"line":11,"column":2},"end":{"line":30,"column":null}},"5":{"start":{"line":23,"column":25},"end":{"line":23,"column":49}},"6":{"start":{"line":34,"column":2},"end":{"line":38,"column":null}}},"fnMap":{"0":{"name":"ErrorFallback","decl":{"start":{"line":9,"column":9},"end":{"line":9,"column":22}},"loc":{"start":{"line":9,"column":52},"end":{"line":31,"column":1}}},"1":{"name":"(anonymous_1)","decl":{"start":{"line":23,"column":19},"end":{"line":23,"column":22}},"loc":{"start":{"line":23,"column":25},"end":{"line":23,"column":49}}},"2":{"name":"App","decl":{"start":{"line":33,"column":24},"end":{"line":33,"column":27}},"loc":{"start":{"line":33,"column":27},"end":{"line":39,"column":1}}}},"branchMap":{"0":{"loc":{"start":{"line":10,"column":23},"end":{"line":10,"column":77}},"type":"cond-expr","locations":[{"start":{"line":10,"column":48},"end":{"line":10,"column":61}},{"start":{"line":10,"column":64},"end":{"line":10,"column":77}}]}},"s":{"0":0,"1":0,"2":0,"3":0,"4":0,"5":0,"6":0},"f":{"0":0,"1":0,"2":0},"b":{"0":[0,0]}}
,"/mnt/d/Projects/MyGame/gomoku/src/components/Board.tsx": {"path":"/mnt/d/Projects/MyGame/gomoku/src/components/Board.tsx","statementMap":{"0":{"start":{"line":7,"column":0},"end":{"line":7,"column":41}},"1":{"start":{"line":9,"column":0},"end":{"line":9,"column":49}},"2":{"start":{"line":10,"column":0},"end":{"line":10,"column":29}},"3":{"start":{"line":24,"column":40},"end":{"line":28,"column":null}},"4":{"start":{"line":30,"column":13},"end":{"line":124,"column":null}},"5":{"start":{"line":39,"column":23},"end":{"line":40,"column":null}},"6":{"start":{"line":40,"column":4},"end":{"line":40,"column":31}},"7":{"start":{"line":43,"column":20},"end":{"line":43,"column":71}},"8":{"start":{"line":43,"column":65},"end":{"line":43,"column":70}},"9":{"start":{"line":46,"column":26},"end":{"line":49,"column":19}},"10":{"start":{"line":47,"column":4},"end":{"line":47,"column":null}},"11":{"start":{"line":47,"column":22},"end":{"line":47,"column":null}},"12":{"start":{"line":48,"column":4},"end":{"line":48,"column":null}},"13":{"start":{"line":48,"column":40},"end":{"line":48,"column":74}},"14":{"start":{"line":52,"column":22},"end":{"line":54,"column":3}},"15":{"start":{"line":53,"column":4},"end":{"line":53,"column":null}},"16":{"start":{"line":53,"column":40},"end":{"line":53,"column":62}},"17":{"start":{"line":56,"column":2},"end":{"line":123,"column":null}},"18":{"start":{"line":63,"column":12},"end":{"line":63,"column":29}},"19":{"start":{"line":80,"column":16},"end":{"line":80,"column":36}},"20":{"start":{"line":82,"column":20},"end":{"line":82,"column":57}},"21":{"start":{"line":108,"column":14},"end":{"line":108,"column":32}},"22":{"start":{"line":116,"column":12},"end":{"line":116,"column":29}}},"fnMap":{"0":{"name":"Board","decl":{"start":{"line":30,"column":35},"end":{"line":30,"column":40}},"loc":{"start":{"line":38,"column":13},"end":{"line":124,"column":1}}},"1":{"name":"(anonymous_1)","decl":{"start":{"line":39,"column":58},"end":{"line":39,"column":59}},"loc":{"start":{"line":40,"column":4},"end":{"line":40,"column":31}}},"2":{"name":"(anonymous_2)","decl":{"start":{"line":43,"column":55},"end":{"line":43,"column":56}},"loc":{"start":{"line":43,"column":65},"end":{"line":43,"column":70}}},"3":{"name":"(anonymous_3)","decl":{"start":{"line":46,"column":38},"end":{"line":46,"column":39}},"loc":{"start":{"line":46,"column":75},"end":{"line":49,"column":3}}},"4":{"name":"(anonymous_4)","decl":{"start":{"line":48,"column":33},"end":{"line":48,"column":36}},"loc":{"start":{"line":48,"column":40},"end":{"line":48,"column":74}}},"5":{"name":"(anonymous_5)","decl":{"start":{"line":52,"column":22},"end":{"line":52,"column":23}},"loc":{"start":{"line":52,"column":60},"end":{"line":54,"column":3}}},"6":{"name":"(anonymous_6)","decl":{"start":{"line":53,"column":28},"end":{"line":53,"column":29}},"loc":{"start":{"line":53,"column":40},"end":{"line":53,"column":62}}},"7":{"name":"(anonymous_7)","decl":{"start":{"line":62,"column":25},"end":{"line":62,"column":30}},"loc":{"start":{"line":63,"column":12},"end":{"line":63,"column":29}}},"8":{"name":"(anonymous_8)","decl":{"start":{"line":79,"column":25},"end":{"line":79,"column":26}},"loc":{"start":{"line":80,"column":16},"end":{"line":80,"column":36}}},"9":{"name":"(anonymous_9)","decl":{"start":{"line":81,"column":27},"end":{"line":81,"column":28}},"loc":{"start":{"line":82,"column":20},"end":{"line":82,"column":57}}},"10":{"name":"(anonymous_10)","decl":{"start":{"line":87,"column":44},"end":{"line":87,"column":47}},"loc":{"start":{"line":87,"column":49},"end":{"line":87,"column":52}}},"11":{"name":"(anonymous_11)","decl":{"start":{"line":107,"column":30},"end":{"line":107,"column":35}},"loc":{"start":{"line":108,"column":14},"end":{"line":108,"column":32}}},"12":{"name":"(anonymous_12)","decl":{"start":{"line":115,"column":25},"end":{"line":115,"column":30}},"loc":{"start":{"line":116,"column":12},"end":{"line":116,"column":29}}}},"branchMap":{"0":{"loc":{"start":{"line":36,"column":2},"end":{"line":36,"column":18}},"type":"default-arg","locations":[{"start":{"line":36,"column":13},"end":{"line":36,"column":18}}]},"1":{"loc":{"start":{"line":37,"column":2},"end":{"line":37,"column":19}},"type":"default-arg","locations":[{"start":{"line":37,"column":18},"end":{"line":37,"column":19}}]},"2":{"loc":{"start":{"line":47,"column":4},"end":{"line":47,"column":null}},"type":"if","locations":[{"start":{"line":47,"column":4},"end":{"line":47,"column":null}},{"start":{},"end":{}}]},"3":{"loc":{"start":{"line":48,"column":40},"end":{"line":48,"column":74}},"type":"binary-expr","locations":[{"start":{"line":48,"column":40},"end":{"line":48,"column":55}},{"start":{"line":48,"column":59},"end":{"line":48,"column":74}}]},"4":{"loc":{"start":{"line":53,"column":40},"end":{"line":53,"column":62}},"type":"binary-expr","locations":[{"start":{"line":53,"column":40},"end":{"line":53,"column":49}},{"start":{"line":53,"column":53},"end":{"line":53,"column":62}}]},"5":{"loc":{"start":{"line":87,"column":33},"end":{"line":87,"column":68}},"type":"cond-expr","locations":[{"start":{"line":87,"column":44},"end":{"line":87,"column":52}},{"start":{"line":87,"column":55},"end":{"line":87,"column":68}}]},"6":{"loc":{"start":{"line":88,"column":38},"end":{"line":88,"column":83}},"type":"binary-expr","locations":[{"start":{"line":88,"column":38},"end":{"line":88,"column":47}},{"start":{"line":88,"column":51},"end":{"line":88,"column":83}}]},"7":{"loc":{"start":{"line":89,"column":35},"end":{"line":89,"column":85}},"type":"binary-expr","locations":[{"start":{"line":89,"column":35},"end":{"line":89,"column":44}},{"start":{"line":89,"column":48},"end":{"line":89,"column":85}}]}},"s":{"0":0,"1":0,"2":0,"3":0,"4":0,"5":0,"6":0,"7":0,"8":0,"9":0,"10":0,"11":0,"12":0,"13":0,"14":0,"15":0,"16":0,"17":0,"18":0,"19":0,"20":0,"21":0,"22":0},"f":{"0":0,"1":0,"2":0,"3":0,"4":0,"5":0,"6":0,"7":0,"8":0,"9":0,"10":0,"11":0,"12":0},"b":{"0":[0],"1":[0],"2":[0,0],"3":[0,0],"4":[0,0],"5":[0,0],"6":[0,0],"7":[0,0]}}
,"/mnt/d/Projects/MyGame/gomoku/src/components/Cell.tsx": {"path":"/mnt/d/Projects/MyGame/gomoku/src/components/Cell.tsx","statementMap":{"0":{"start":{"line":7,"column":0},"end":{"line":7,"column":57}},"1":{"start":{"line":10,"column":0},"end":{"line":10,"column":60}},"2":{"start":{"line":13,"column":36},"end":{"line":13,"column":39}},"3":{"start":{"line":28,"column":13},"end":{"line":198,"column":null}},"4":{"start":{"line":40,"column":40},"end":{"line":40,"column":55}},"5":{"start":{"line":41,"column":24},"end":{"line":41,"column":53}},"6":{"start":{"line":45,"column":2},"end":{"line":71,"column":null}},"7":{"start":{"line":46,"column":23},"end":{"line":46,"column":44}},"8":{"start":{"line":47,"column":54},"end":{"line":47,"column":58}},"9":{"start":{"line":50,"column":4},"end":{"line":55,"column":5}},"10":{"start":{"line":51,"column":6},"end":{"line":53,"column":null}},"11":{"start":{"line":52,"column":8},"end":{"line":52,"column":null}},"12":{"start":{"line":54,"column":6},"end":{"line":54,"column":null}},"13":{"start":{"line":54,"column":31},"end":{"line":54,"column":52}},"14":{"start":{"line":58,"column":4},"end":{"line":62,"column":5}},"15":{"start":{"line":59,"column":6},"end":{"line":61,"column":null}},"16":{"start":{"line":60,"column":8},"end":{"line":60,"column":null}},"17":{"start":{"line":64,"column":4},"end":{"line":64,"column":null}},"18":{"start":{"line":66,"column":4},"end":{"line":70,"column":null}},"19":{"start":{"line":67,"column":6},"end":{"line":69,"column":7}},"20":{"start":{"line":68,"column":8},"end":{"line":68,"column":null}},"21":{"start":{"line":74,"column":20},"end":{"line":74,"column":35}},"22":{"start":{"line":76,"column":22},"end":{"line":80,"column":3}},"23":{"start":{"line":77,"column":4},"end":{"line":79,"column":5}},"24":{"start":{"line":78,"column":6},"end":{"line":78,"column":null}},"25":{"start":{"line":83,"column":20},"end":{"line":83,"column":49}},"26":{"start":{"line":84,"column":20},"end":{"line":84,"column":27}},"27":{"start":{"line":85,"column":23},"end":{"line":85,"column":49}},"28":{"start":{"line":86,"column":20},"end":{"line":86,"column":92}},"29":{"start":{"line":87,"column":20},"end":{"line":87,"column":132}},"30":{"start":{"line":91,"column":20},"end":{"line":91,"column":29}},"31":{"start":{"line":92,"column":23},"end":{"line":92,"column":47}},"32":{"start":{"line":93,"column":21},"end":{"line":93,"column":30}},"33":{"start":{"line":94,"column":22},"end":{"line":94,"column":46}},"34":{"start":{"line":96,"column":2},"end":{"line":197,"column":null}},"35":{"start":{"line":106,"column":8},"end":{"line":109,"column":9}},"36":{"start":{"line":107,"column":10},"end":{"line":107,"column":null}},"37":{"start":{"line":108,"column":10},"end":{"line":108,"column":null}}},"fnMap":{"0":{"name":"Cell","decl":{"start":{"line":28,"column":34},"end":{"line":28,"column":38}},"loc":{"start":{"line":39,"column":12},"end":{"line":198,"column":1}}},"1":{"name":"(anonymous_1)","decl":{"start":{"line":45,"column":12},"end":{"line":45,"column":15}},"loc":{"start":{"line":45,"column":17},"end":{"line":71,"column":3}}},"2":{"name":"(anonymous_2)","decl":{"start":{"line":51,"column":21},"end":{"line":51,"column":24}},"loc":{"start":{"line":51,"column":26},"end":{"line":53,"column":7}}},"3":{"name":"(anonymous_3)","decl":{"start":{"line":54,"column":25},"end":{"line":54,"column":28}},"loc":{"start":{"line":54,"column":31},"end":{"line":54,"column":52}}},"4":{"name":"(anonymous_4)","decl":{"start":{"line":59,"column":21},"end":{"line":59,"column":24}},"loc":{"start":{"line":59,"column":26},"end":{"line":61,"column":7}}},"5":{"name":"(anonymous_5)","decl":{"start":{"line":66,"column":11},"end":{"line":66,"column":14}},"loc":{"start":{"line":66,"column":16},"end":{"line":70,"column":5}}},"6":{"name":"(anonymous_6)","decl":{"start":{"line":76,"column":22},"end":{"line":76,"column":25}},"loc":{"start":{"line":76,"column":27},"end":{"line":80,"column":3}}},"7":{"name":"(anonymous_7)","decl":{"start":{"line":105,"column":17},"end":{"line":105,"column":18}},"loc":{"start":{"line":105,"column":60},"end":{"line":110,"column":7}}}},"branchMap":{"0":{"loc":{"start":{"line":35,"column":2},"end":{"line":35,"column":19}},"type":"default-arg","locations":[{"start":{"line":35,"column":17},"end":{"line":35,"column":19}}]},"1":{"loc":{"start":{"line":36,"column":2},"end":{"line":36,"column":21}},"type":"default-arg","locations":[{"start":{"line":36,"column":16},"end":{"line":36,"column":21}}]},"2":{"loc":{"start":{"line":37,"column":2},"end":{"line":37,"column":19}},"type":"default-arg","locations":[{"start":{"line":37,"column":18},"end":{"line":37,"column":19}}]},"3":{"loc":{"start":{"line":38,"column":2},"end":{"line":38,"column":18}},"type":"default-arg","locations":[{"start":{"line":38,"column":13},"end":{"line":38,"column":18}}]},"4":{"loc":{"start":{"line":50,"column":4},"end":{"line":55,"column":5}},"type":"if","locations":[{"start":{"line":50,"column":4},"end":{"line":55,"column":5}},{"start":{},"end":{}}]},"5":{"loc":{"start":{"line":50,"column":8},"end":{"line":50,"column":46}},"type":"binary-expr","locations":[{"start":{"line":50,"column":8},"end":{"line":50,"column":23}},{"start":{"line":50,"column":27},"end":{"line":50,"column":46}}]},"6":{"loc":{"start":{"line":58,"column":4},"end":{"line":62,"column":5}},"type":"if","locations":[{"start":{"line":58,"column":4},"end":{"line":62,"column":5}},{"start":{},"end":{}}]},"7":{"loc":{"start":{"line":58,"column":8},"end":{"line":58,"column":46}},"type":"binary-expr","locations":[{"start":{"line":58,"column":8},"end":{"line":58,"column":23}},{"start":{"line":58,"column":27},"end":{"line":58,"column":46}}]},"8":{"loc":{"start":{"line":67,"column":6},"end":{"line":69,"column":7}},"type":"if","locations":[{"start":{"line":67,"column":6},"end":{"line":69,"column":7}},{"start":{},"end":{}}]},"9":{"loc":{"start":{"line":77,"column":4},"end":{"line":79,"column":5}},"type":"if","locations":[{"start":{"line":77,"column":4},"end":{"line":79,"column":5}},{"start":{},"end":{}}]},"10":{"loc":{"start":{"line":77,"column":8},"end":{"line":77,"column":36}},"type":"binary-expr","locations":[{"start":{"line":77,"column":8},"end":{"line":77,"column":17}},{"start":{"line":77,"column":21},"end":{"line":77,"column":36}}]},"11":{"loc":{"start":{"line":86,"column":20},"end":{"line":86,"column":92}},"type":"cond-expr","locations":[{"start":{"line":86,"column":38},"end":{"line":86,"column":45}},{"start":{"line":86,"column":48},"end":{"line":86,"column":92}}]},"12":{"loc":{"start":{"line":86,"column":48},"end":{"line":86,"column":92}},"type":"cond-expr","locations":[{"start":{"line":86,"column":63},"end":{"line":86,"column":76}},{"start":{"line":86,"column":79},"end":{"line":86,"column":92}}]},"13":{"loc":{"start":{"line":87,"column":57},"end":{"line":87,"column":90}},"type":"cond-expr","locations":[{"start":{"line":87,"column":72},"end":{"line":87,"column":85}},{"start":{"line":87,"column":88},"end":{"line":87,"column":90}}]},"14":{"loc":{"start":{"line":87,"column":93},"end":{"line":87,"column":130}},"type":"cond-expr","locations":[{"start":{"line":87,"column":105},"end":{"line":87,"column":125}},{"start":{"line":87,"column":128},"end":{"line":87,"column":130}}]},"15":{"loc":{"start":{"line":101,"column":10},"end":{"line":101,"column":71}},"type":"cond-expr","locations":[{"start":{"line":101,"column":41},"end":{"line":101,"column":50}},{"start":{"line":101,"column":53},"end":{"line":101,"column":71}}]},"16":{"loc":{"start":{"line":101,"column":10},"end":{"line":101,"column":38}},"type":"binary-expr","locations":[{"start":{"line":101,"column":10},"end":{"line":101,"column":25}},{"start":{"line":101,"column":29},"end":{"line":101,"column":38}}]},"17":{"loc":{"start":{"line":106,"column":8},"end":{"line":109,"column":9}},"type":"if","locations":[{"start":{"line":106,"column":8},"end":{"line":109,"column":9}},{"start":{},"end":{}}]},"18":{"loc":{"start":{"line":106,"column":12},"end":{"line":106,"column":46}},"type":"binary-expr","locations":[{"start":{"line":106,"column":12},"end":{"line":106,"column":29}},{"start":{"line":106,"column":33},"end":{"line":106,"column":46}}]},"19":{"loc":{"start":{"line":112,"column":16},"end":{"line":112,"column":53}},"type":"cond-expr","locations":[{"start":{"line":112,"column":47},"end":{"line":112,"column":48}},{"start":{"line":112,"column":51},"end":{"line":112,"column":53}}]},"20":{"loc":{"start":{"line":112,"column":16},"end":{"line":112,"column":44}},"type":"binary-expr","locations":[{"start":{"line":112,"column":16},"end":{"line":112,"column":31}},{"start":{"line":112,"column":35},"end":{"line":112,"column":44}}]},"21":{"loc":{"start":{"line":126,"column":18},"end":{"line":126,"column":42}},"type":"cond-expr","locations":[{"start":{"line":126,"column":31},"end":{"line":126,"column":36}},{"start":{"line":126,"column":39},"end":{"line":126,"column":42}}]},"22":{"loc":{"start":{"line":127,"column":19},"end":{"line":127,"column":44}},"type":"cond-expr","locations":[{"start":{"line":127,"column":33},"end":{"line":127,"column":38}},{"start":{"line":127,"column":41},"end":{"line":127,"column":44}}]},"23":{"loc":{"start":{"line":137,"column":17},"end":{"line":137,"column":40}},"type":"cond-expr","locations":[{"start":{"line":137,"column":29},"end":{"line":137,"column":34}},{"start":{"line":137,"column":37},"end":{"line":137,"column":40}}]},"24":{"loc":{"start":{"line":138,"column":20},"end":{"line":138,"column":46}},"type":"cond-expr","locations":[{"start":{"line":138,"column":35},"end":{"line":138,"column":40}},{"start":{"line":138,"column":43},"end":{"line":138,"column":46}}]},"25":{"loc":{"start":{"line":145,"column":7},"end":{"line":155,"column":null}},"type":"binary-expr","locations":[{"start":{"line":145,"column":7},"end":{"line":145,"column":18}},{"start":{"line":145,"column":22},"end":{"line":145,"column":37}},{"start":{"line":146,"column":8},"end":{"line":154,"column":null}}]},"26":{"loc":{"start":{"line":159,"column":7},"end":{"line":168,"column":null}},"type":"binary-expr","locations":[{"start":{"line":159,"column":7},"end":{"line":159,"column":22}},{"start":{"line":159,"column":26},"end":{"line":159,"column":35}},{"start":{"line":160,"column":8},"end":{"line":167,"column":null}}]},"27":{"loc":{"start":{"line":165,"column":14},"end":{"line":165,"column":71}},"type":"cond-expr","locations":[{"start":{"line":165,"column":36},"end":{"line":165,"column":52}},{"start":{"line":165,"column":55},"end":{"line":165,"column":71}}]},"28":{"loc":{"start":{"line":172,"column":7},"end":{"line":194,"column":null}},"type":"binary-expr","locations":[{"start":{"line":172,"column":7},"end":{"line":172,"column":16}},{"start":{"line":172,"column":20},"end":{"line":172,"column":35}},{"start":{"line":173,"column":8},"end":{"line":193,"column":null}}]},"29":{"loc":{"start":{"line":178,"column":14},"end":{"line":178,"column":64}},"type":"cond-expr","locations":[{"start":{"line":178,"column":29},"end":{"line":178,"column":45}},{"start":{"line":178,"column":48},"end":{"line":178,"column":64}}]},"30":{"loc":{"start":{"line":179,"column":14},"end":{"line":179,"column":54}},"type":"cond-expr","locations":[{"start":{"line":179,"column":28},"end":{"line":179,"column":49}},{"start":{"line":179,"column":52},"end":{"line":179,"column":54}}]},"31":{"loc":{"start":{"line":180,"column":14},"end":{"line":180,"column":107}},"type":"cond-expr","locations":[{"start":{"line":180,"column":26},"end":{"line":180,"column":102}},{"start":{"line":180,"column":105},"end":{"line":180,"column":107}}]},"32":{"loc":{"start":{"line":180,"column":64},"end":{"line":180,"column":100}},"type":"cond-expr","locations":[{"start":{"line":180,"column":84},"end":{"line":180,"column":96}},{"start":{"line":180,"column":99},"end":{"line":180,"column":100}}]},"33":{"loc":{"start":{"line":181,"column":14},"end":{"line":181,"column":67}},"type":"cond-expr","locations":[{"start":{"line":181,"column":43},"end":{"line":181,"column":62}},{"start":{"line":181,"column":65},"end":{"line":181,"column":67}}]},"34":{"loc":{"start":{"line":181,"column":14},"end":{"line":181,"column":40}},"type":"binary-expr","locations":[{"start":{"line":181,"column":14},"end":{"line":181,"column":26}},{"start":{"line":181,"column":30},"end":{"line":181,"column":40}}]},"35":{"loc":{"start":{"line":185,"column":11},"end":{"line":192,"column":null}},"type":"binary-expr","locations":[{"start":{"line":185,"column":11},"end":{"line":185,"column":23}},{"start":{"line":185,"column":27},"end":{"line":185,"column":37}},{"start":{"line":186,"column":12},"end":{"line":191,"column":null}}]},"36":{"loc":{"start":{"line":190,"column":18},"end":{"line":190,"column":62}},"type":"cond-expr","locations":[{"start":{"line":190,"column":33},"end":{"line":190,"column":46}},{"start":{"line":190,"column":49},"end":{"line":190,"column":62}}]}},"s":{"0":0,"1":0,"2":0,"3":0,"4":0,"5":0,"6":0,"7":0,"8":0,"9":0,"10":0,"11":0,"12":0,"13":0,"14":0,"15":0,"16":0,"17":0,"18":0,"19":0,"20":0,"21":0,"22":0,"23":0,"24":0,"25":0,"26":0,"27":0,"28":0,"29":0,"30":0,"31":0,"32":0,"33":0,"34":0,"35":0,"36":0,"37":0},"f":{"0":0,"1":0,"2":0,"3":0,"4":0,"5":0,"6":0,"7":0},"b":{"0":[0],"1":[0],"2":[0],"3":[0],"4":[0,0],"5":[0,0],"6":[0,0],"7":[0,0],"8":[0,0],"9":[0,0],"10":[0,0],"11":[0,0],"12":[0,0],"13":[0,0],"14":[0,0],"15":[0,0],"16":[0,0],"17":[0,0],"18":[0,0],"19":[0,0],"20":[0,0],"21":[0,0],"22":[0,0],"23":[0,0],"24":[0,0],"25":[0,0,0],"26":[0,0,0],"27":[0,0],"28":[0,0,0],"29":[0,0],"30":[0,0],"31":[0,0],"32":[0,0],"33":[0,0],"34":[0,0],"35":[0,0,0],"36":[0,0]}}
,"/mnt/d/Projects/MyGame/gomoku/src/components/GameControls.tsx": {"path":"/mnt/d/Projects/MyGame/gomoku/src/components/GameControls.tsx","statementMap":{"0":{"start":{"line":20,"column":0},"end":{"line":20,"column":16}},"1":{"start":{"line":6,"column":0},"end":{"line":6,"column":36}},"2":{"start":{"line":7,"column":0},"end":{"line":7,"column":91}},"3":{"start":{"line":29,"column":2},"end":{"line":70,"column":null}},"4":{"start":{"line":40,"column":38},"end":{"line":40,"column":77}}},"fnMap":{"0":{"name":"GameControls","decl":{"start":{"line":20,"column":16},"end":{"line":20,"column":28}},"loc":{"start":{"line":28,"column":20},"end":{"line":71,"column":1}}},"1":{"name":"(anonymous_1)","decl":{"start":{"line":40,"column":29},"end":{"line":40,"column":34}},"loc":{"start":{"line":40,"column":38},"end":{"line":40,"column":77}}}},"branchMap":{"0":{"loc":{"start":{"line":26,"column":2},"end":{"line":26,"column":18}},"type":"default-arg","locations":[{"start":{"line":26,"column":13},"end":{"line":26,"column":18}}]},"1":{"loc":{"start":{"line":33,"column":9},"end":{"line":51,"column":null}},"type":"binary-expr","locations":[{"start":{"line":33,"column":9},"end":{"line":33,"column":27}},{"start":{"line":34,"column":10},"end":{"line":50,"column":null}}]},"2":{"loc":{"start":{"line":62,"column":9},"end":{"line":65,"column":null}},"type":"binary-expr","locations":[{"start":{"line":62,"column":9},"end":{"line":62,"column":19}},{"start":{"line":63,"column":10},"end":{"line":63,"column":null}}]}},"s":{"0":0,"1":0,"2":0,"3":0,"4":0},"f":{"0":0,"1":0},"b":{"0":[0],"1":[0,0],"2":[0,0]}}
,"/mnt/d/Projects/MyGame/gomoku/src/components/LeaderboardDialog.tsx": {"path":"/mnt/d/Projects/MyGame/gomoku/src/components/LeaderboardDialog.tsx","statementMap":{"0":{"start":{"line":28,"column":0},"end":{"line":28,"column":16}},"1":{"start":{"line":6,"column":0},"end":{"line":6,"column":32}},"2":{"start":{"line":7,"column":0},"end":{"line":7,"column":null}},"3":{"start":{"line":15,"column":0},"end":{"line":15,"column":36}},"4":{"start":{"line":16,"column":0},"end":{"line":16,"column":34}},"5":{"start":{"line":36,"column":36},"end":{"line":36,"column":51}},"6":{"start":{"line":37,"column":38},"end":{"line":37,"column":64}},"7":{"start":{"line":38,"column":50},"end":{"line":38,"column":65}},"8":{"start":{"line":40,"column":18},"end":{"line":40,"column":99}},"9":{"start":{"line":42,"column":25},"end":{"line":45,"column":3}},"10":{"start":{"line":43,"column":4},"end":{"line":43,"column":null}},"11":{"start":{"line":44,"column":4},"end":{"line":44,"column":null}},"12":{"start":{"line":47,"column":27},"end":{"line":50,"column":3}},"13":{"start":{"line":48,"column":4},"end":{"line":48,"column":null}},"14":{"start":{"line":49,"column":4},"end":{"line":49,"column":null}},"15":{"start":{"line":52,"column":2},"end":{"line":166,"column":null}},"16":{"start":{"line":64,"column":33},"end":{"line":64,"column":62}},"17":{"start":{"line":75,"column":31},"end":{"line":75,"column":49}},"18":{"start":{"line":139,"column":33},"end":{"line":139,"column":59}},"19":{"start":{"line":151,"column":31},"end":{"line":151,"column":56}},"20":{"start":{"line":178,"column":2},"end":{"line":193,"column":null}}},"fnMap":{"0":{"name":"LeaderboardDialog","decl":{"start":{"line":28,"column":16},"end":{"line":28,"column":33}},"loc":{"start":{"line":35,"column":25},"end":{"line":167,"column":1}}},"1":{"name":"(anonymous_1)","decl":{"start":{"line":42,"column":25},"end":{"line":42,"column":28}},"loc":{"start":{"line":42,"column":30},"end":{"line":45,"column":3}}},"2":{"name":"(anonymous_2)","decl":{"start":{"line":47,"column":27},"end":{"line":47,"column":30}},"loc":{"start":{"line":47,"column":32},"end":{"line":50,"column":3}}},"3":{"name":"(anonymous_3)","decl":{"start":{"line":64,"column":28},"end":{"line":64,"column":29}},"loc":{"start":{"line":64,"column":33},"end":{"line":64,"column":62}}},"4":{"name":"(anonymous_4)","decl":{"start":{"line":75,"column":25},"end":{"line":75,"column":28}},"loc":{"start":{"line":75,"column":31},"end":{"line":75,"column":49}}},"5":{"name":"(anonymous_5)","decl":{"start":{"line":139,"column":27},"end":{"line":139,"column":30}},"loc":{"start":{"line":139,"column":33},"end":{"line":139,"column":59}}},"6":{"name":"(anonymous_6)","decl":{"start":{"line":151,"column":25},"end":{"line":151,"column":28}},"loc":{"start":{"line":151,"column":31},"end":{"line":151,"column":56}}},"7":{"name":"StatRow","decl":{"start":{"line":169,"column":9},"end":{"line":169,"column":16}},"loc":{"start":{"line":177,"column":1},"end":{"line":194,"column":1}}}},"branchMap":{"0":{"loc":{"start":{"line":34,"column":2},"end":{"line":34,"column":22}},"type":"default-arg","locations":[{"start":{"line":34,"column":18},"end":{"line":34,"column":22}}]},"1":{"loc":{"start":{"line":40,"column":18},"end":{"line":40,"column":99}},"type":"cond-expr","locations":[{"start":{"line":40,"column":41},"end":{"line":40,"column":91}},{"start":{"line":40,"column":94},"end":{"line":40,"column":99}}]},"2":{"loc":{"start":{"line":60,"column":13},"end":{"line":79,"column":null}},"type":"cond-expr","locations":[{"start":{"line":61,"column":14},"end":{"line":71,"column":null}},{"start":{"line":74,"column":14},"end":{"line":78,"column":null}}]},"3":{"loc":{"start":{"line":102,"column":27},"end":{"line":102,"column":68}},"type":"cond-expr","locations":[{"start":{"line":102,"column":49},"end":{"line":102,"column":56}},{"start":{"line":102,"column":59},"end":{"line":102,"column":68}}]},"4":{"loc":{"start":{"line":114,"column":23},"end":{"line":114,"column":94}},"type":"cond-expr","locations":[{"start":{"line":114,"column":52},"end":{"line":114,"column":86}},{"start":{"line":114,"column":89},"end":{"line":114,"column":94}}]},"5":{"loc":{"start":{"line":123,"column":11},"end":{"line":161,"column":null}},"type":"cond-expr","locations":[{"start":{"line":124,"column":12},"end":{"line":145,"column":null}},{"start":{"line":148,"column":12},"end":{"line":160,"column":null}}]},"6":{"loc":{"start":{"line":183,"column":10},"end":{"line":187,"column":null}},"type":"cond-expr","locations":[{"start":{"line":184,"column":14},"end":{"line":184,"column":30}},{"start":{"line":185,"column":14},"end":{"line":187,"column":null}}]},"7":{"loc":{"start":{"line":185,"column":14},"end":{"line":187,"column":null}},"type":"cond-expr","locations":[{"start":{"line":186,"column":16},"end":{"line":186,"column":30}},{"start":{"line":187,"column":16},"end":{"line":187,"column":null}}]}},"s":{"0":0,"1":0,"2":0,"3":0,"4":0,"5":0,"6":0,"7":0,"8":0,"9":0,"10":0,"11":0,"12":0,"13":0,"14":0,"15":0,"16":0,"17":0,"18":0,"19":0,"20":0},"f":{"0":0,"1":0,"2":0,"3":0,"4":0,"5":0,"6":0,"7":0},"b":{"0":[0],"1":[0,0],"2":[0,0],"3":[0,0],"4":[0,0],"5":[0,0],"6":[0,0],"7":[0,0]}}
,"/mnt/d/Projects/MyGame/gomoku/src/components/VictoryDialog.tsx": {"path":"/mnt/d/Projects/MyGame/gomoku/src/components/VictoryDialog.tsx","statementMap":{"0":{"start":{"line":30,"column":0},"end":{"line":30,"column":16}},"1":{"start":{"line":7,"column":0},"end":{"line":7,"column":43}},"2":{"start":{"line":8,"column":0},"end":{"line":8,"column":null}},"3":{"start":{"line":16,"column":0},"end":{"line":16,"column":36}},"4":{"start":{"line":39,"column":17},"end":{"line":39,"column":32}},"5":{"start":{"line":40,"column":17},"end":{"line":40,"column":50}},"6":{"start":{"line":41,"column":46},"end":{"line":41,"column":58}},"7":{"start":{"line":46,"column":2},"end":{"line":71,"column":null}},"8":{"start":{"line":47,"column":4},"end":{"line":70,"column":5}},"9":{"start":{"line":49,"column":6},"end":{"line":66,"column":7}},"10":{"start":{"line":50,"column":29},"end":{"line":56,"column":null}},"11":{"start":{"line":57,"column":8},"end":{"line":57,"column":null}},"12":{"start":{"line":58,"column":13},"end":{"line":66,"column":7}},"13":{"start":{"line":60,"column":25},"end":{"line":60,"column":58}},"14":{"start":{"line":61,"column":8},"end":{"line":61,"column":null}},"15":{"start":{"line":64,"column":25},"end":{"line":64,"column":61}},"16":{"start":{"line":65,"column":8},"end":{"line":65,"column":null}},"17":{"start":{"line":67,"column":6},"end":{"line":69,"column":null}},"18":{"start":{"line":68,"column":8},"end":{"line":68,"column":null}},"19":{"start":{"line":73,"column":2},"end":{"line":186,"column":null}},"20":{"start":{"line":95,"column":18},"end":{"line":95,"column":null}},"21":{"start":{"line":105,"column":18},"end":{"line":105,"column":null}},"22":{"start":{"line":115,"column":18},"end":{"line":115,"column":null}}},"fnMap":{"0":{"name":"VictoryDialog","decl":{"start":{"line":30,"column":16},"end":{"line":30,"column":29}},"loc":{"start":{"line":38,"column":21},"end":{"line":187,"column":1}}},"1":{"name":"(anonymous_1)","decl":{"start":{"line":46,"column":12},"end":{"line":46,"column":15}},"loc":{"start":{"line":46,"column":17},"end":{"line":71,"column":3}}},"2":{"name":"(anonymous_2)","decl":{"start":{"line":67,"column":21},"end":{"line":67,"column":24}},"loc":{"start":{"line":67,"column":26},"end":{"line":69,"column":7}}},"3":{"name":"(anonymous_3)","decl":{"start":{"line":93,"column":25},"end":{"line":93,"column":26}},"loc":{"start":{"line":93,"column":71},"end":{"line":96,"column":17}}},"4":{"name":"(anonymous_4)","decl":{"start":{"line":103,"column":25},"end":{"line":103,"column":26}},"loc":{"start":{"line":103,"column":71},"end":{"line":106,"column":17}}},"5":{"name":"(anonymous_5)","decl":{"start":{"line":113,"column":25},"end":{"line":113,"column":26}},"loc":{"start":{"line":113,"column":71},"end":{"line":116,"column":17}}}},"branchMap":{"0":{"loc":{"start":{"line":47,"column":4},"end":{"line":70,"column":5}},"type":"if","locations":[{"start":{"line":47,"column":4},"end":{"line":70,"column":5}},{"start":{},"end":{}}]},"1":{"loc":{"start":{"line":49,"column":6},"end":{"line":66,"column":7}},"type":"if","locations":[{"start":{"line":49,"column":6},"end":{"line":66,"column":7}},{"start":{"line":58,"column":13},"end":{"line":66,"column":7}}]},"2":{"loc":{"start":{"line":58,"column":13},"end":{"line":66,"column":7}},"type":"if","locations":[{"start":{"line":58,"column":13},"end":{"line":66,"column":7}},{"start":{"line":62,"column":13},"end":{"line":66,"column":7}}]},"3":{"loc":{"start":{"line":78,"column":13},"end":{"line":78,"column":107}},"type":"cond-expr","locations":[{"start":{"line":78,"column":22},"end":{"line":78,"column":32}},{"start":{"line":78,"column":35},"end":{"line":78,"column":107}}]},"4":{"loc":{"start":{"line":78,"column":35},"end":{"line":78,"column":107}},"type":"cond-expr","locations":[{"start":{"line":78,"column":50},"end":{"line":78,"column":79}},{"start":{"line":78,"column":82},"end":{"line":78,"column":107}}]},"5":{"loc":{"start":{"line":88,"column":13},"end":{"line":117,"column":null}},"type":"cond-expr","locations":[{"start":{"line":89,"column":14},"end":{"line":96,"column":null}},{"start":{"line":98,"column":16},"end":{"line":117,"column":null}}]},"6":{"loc":{"start":{"line":98,"column":16},"end":{"line":117,"column":null}},"type":"cond-expr","locations":[{"start":{"line":99,"column":14},"end":{"line":106,"column":null}},{"start":{"line":109,"column":14},"end":{"line":116,"column":null}}]},"7":{"loc":{"start":{"line":123,"column":13},"end":{"line":144,"column":null}},"type":"cond-expr","locations":[{"start":{"line":124,"column":14},"end":{"line":129,"column":null}},{"start":{"line":131,"column":16},"end":{"line":144,"column":null}}]},"8":{"loc":{"start":{"line":131,"column":16},"end":{"line":144,"column":null}},"type":"cond-expr","locations":[{"start":{"line":132,"column":14},"end":{"line":137,"column":null}},{"start":{"line":140,"column":14},"end":{"line":143,"column":null}}]},"9":{"loc":{"start":{"line":155,"column":52},"end":{"line":155,"column":88}},"type":"cond-expr","locations":[{"start":{"line":155,"column":67},"end":{"line":155,"column":83}},{"start":{"line":155,"column":86},"end":{"line":155,"column":88}}]},"10":{"loc":{"start":{"line":164,"column":52},"end":{"line":164,"column":88}},"type":"cond-expr","locations":[{"start":{"line":164,"column":67},"end":{"line":164,"column":83}},{"start":{"line":164,"column":86},"end":{"line":164,"column":88}}]},"11":{"loc":{"start":{"line":168,"column":13},"end":{"line":171,"column":null}},"type":"binary-expr","locations":[{"start":{"line":168,"column":13},"end":{"line":168,"column":20}},{"start":{"line":169,"column":14},"end":{"line":170,"column":null}}]}},"s":{"0":0,"1":0,"2":0,"3":0,"4":0,"5":0,"6":0,"7":0,"8":0,"9":0,"10":0,"11":0,"12":0,"13":0,"14":0,"15":0,"16":0,"17":0,"18":0,"19":0,"20":0,"21":0,"22":0},"f":{"0":0,"1":0,"2":0,"3":0,"4":0,"5":0},"b":{"0":[0,0],"1":[0,0],"2":[0,0],"3":[0,0],"4":[0,0],"5":[0,0],"6":[0,0],"7":[0,0],"8":[0,0],"9":[0,0],"10":[0,0],"11":[0,0]}}
,"/mnt/d/Projects/MyGame/gomoku/src/components/ui/button.tsx": {"path":"/mnt/d/Projects/MyGame/gomoku/src/components/ui/button.tsx","statementMap":{"0":{"start":{"line":1,"column":0},"end":{"line":1,"column":30}},"1":{"start":{"line":2,"column":0},"end":{"line":2,"column":43}},"2":{"start":{"line":3,"column":0},"end":{"line":3,"column":65}},"3":{"start":{"line":5,"column":0},"end":{"line":5,"column":32}},"4":{"start":{"line":7,"column":23},"end":{"line":30,"column":null}},"5":{"start":{"line":49,"column":17},"end":{"line":49,"column":31}},"6":{"start":{"line":39,"column":15},"end":{"line":45,"column":null}},"7":{"start":{"line":41,"column":17},"end":{"line":41,"column":42}},"8":{"start":{"line":42,"column":4},"end":{"line":44,"column":null}},"9":{"start":{"line":49,"column":9},"end":{"line":49,"column":15}},"10":{"start":{"line":47,"column":0},"end":{"line":47,"column":null}}},"fnMap":{"0":{"name":"(anonymous_9)","decl":{"start":{"line":40,"column":2},"end":{"line":40,"column":3}},"loc":{"start":{"line":40,"column":67},"end":{"line":45,"column":3}}}},"branchMap":{"0":{"loc":{"start":{"line":40,"column":31},"end":{"line":40,"column":46}},"type":"default-arg","locations":[{"start":{"line":40,"column":41},"end":{"line":40,"column":46}}]},"1":{"loc":{"start":{"line":41,"column":17},"end":{"line":41,"column":42}},"type":"cond-expr","locations":[{"start":{"line":41,"column":27},"end":{"line":41,"column":31}},{"start":{"line":41,"column":34},"end":{"line":41,"column":42}}]}},"s":{"0":0,"1":0,"2":0,"3":0,"4":0,"5":0,"6":0,"7":0,"8":0,"9":0,"10":0},"f":{"0":0},"b":{"0":[0],"1":[0,0]}}
,"/mnt/d/Projects/MyGame/gomoku/src/components/ui/dialog.tsx": {"path":"/mnt/d/Projects/MyGame/gomoku/src/components/ui/dialog.tsx","statementMap":{"0":{"start":{"line":1,"column":0},"end":{"line":1,"column":30}},"1":{"start":{"line":2,"column":0},"end":{"line":2,"column":57}},"2":{"start":{"line":3,"column":0},"end":{"line":3,"column":50}},"3":{"start":{"line":5,"column":0},"end":{"line":5,"column":32}},"4":{"start":{"line":7,"column":15},"end":{"line":7,"column":35}},"5":{"start":{"line":92,"column":2},"end":{"line":92,"column":8}},"6":{"start":{"line":9,"column":22},"end":{"line":9,"column":45}},"7":{"start":{"line":96,"column":2},"end":{"line":96,"column":15}},"8":{"start":{"line":11,"column":21},"end":{"line":11,"column":43}},"9":{"start":{"line":93,"column":2},"end":{"line":93,"column":14}},"10":{"start":{"line":13,"column":20},"end":{"line":13,"column":41}},"11":{"start":{"line":95,"column":2},"end":{"line":95,"column":13}},"12":{"start":{"line":15,"column":22},"end":{"line":27,"column":2}},"13":{"start":{"line":19,"column":2},"end":{"line":25,"column":null}},"14":{"start":{"line":94,"column":2},"end":{"line":94,"column":15}},"15":{"start":{"line":28,"column":0},"end":{"line":28,"column":null}},"16":{"start":{"line":30,"column":22},"end":{"line":51,"column":2}},"17":{"start":{"line":34,"column":2},"end":{"line":49,"column":null}},"18":{"start":{"line":97,"column":2},"end":{"line":97,"column":15}},"19":{"start":{"line":52,"column":0},"end":{"line":52,"column":null}},"20":{"start":{"line":54,"column":21},"end":{"line":55,"column":null}},"21":{"start":{"line":55,"column":2},"end":{"line":55,"column":100}},"22":{"start":{"line":98,"column":2},"end":{"line":98,"column":14}},"23":{"start":{"line":57,"column":0},"end":{"line":57,"column":null}},"24":{"start":{"line":59,"column":21},"end":{"line":63,"column":null}},"25":{"start":{"line":60,"column":2},"end":{"line":62,"column":null}},"26":{"start":{"line":99,"column":2},"end":{"line":99,"column":14}},"27":{"start":{"line":65,"column":0},"end":{"line":65,"column":null}},"28":{"start":{"line":67,"column":20},"end":{"line":76,"column":2}},"29":{"start":{"line":71,"column":2},"end":{"line":74,"column":null}},"30":{"start":{"line":100,"column":2},"end":{"line":100,"column":13}},"31":{"start":{"line":77,"column":0},"end":{"line":77,"column":null}},"32":{"start":{"line":79,"column":26},"end":{"line":88,"column":2}},"33":{"start":{"line":83,"column":2},"end":{"line":86,"column":null}},"34":{"start":{"line":101,"column":2},"end":{"line":101,"column":19}},"35":{"start":{"line":89,"column":0},"end":{"line":89,"column":null}}},"fnMap":{"0":{"name":"(anonymous_9)","decl":{"start":{"line":18,"column":2},"end":{"line":18,"column":3}},"loc":{"start":{"line":19,"column":2},"end":{"line":25,"column":null}}},"1":{"name":"(anonymous_10)","decl":{"start":{"line":33,"column":2},"end":{"line":33,"column":3}},"loc":{"start":{"line":34,"column":2},"end":{"line":49,"column":null}}},"2":{"name":"(anonymous_11)","decl":{"start":{"line":54,"column":21},"end":{"line":54,"column":22}},"loc":{"start":{"line":55,"column":2},"end":{"line":55,"column":100}}},"3":{"name":"(anonymous_12)","decl":{"start":{"line":59,"column":21},"end":{"line":59,"column":22}},"loc":{"start":{"line":60,"column":2},"end":{"line":62,"column":null}}},"4":{"name":"(anonymous_13)","decl":{"start":{"line":70,"column":2},"end":{"line":70,"column":3}},"loc":{"start":{"line":71,"column":2},"end":{"line":74,"column":null}}},"5":{"name":"(anonymous_14)","decl":{"start":{"line":82,"column":2},"end":{"line":82,"column":3}},"loc":{"start":{"line":83,"column":2},"end":{"line":86,"column":null}}}},"branchMap":{},"s":{"0":0,"1":0,"2":0,"3":0,"4":0,"5":0,"6":0,"7":0,"8":0,"9":0,"10":0,"11":0,"12":0,"13":0,"14":0,"15":0,"16":0,"17":0,"18":0,"19":0,"20":0,"21":0,"22":0,"23":0,"24":0,"25":0,"26":0,"27":0,"28":0,"29":0,"30":0,"31":0,"32":0,"33":0,"34":0,"35":0},"f":{"0":0,"1":0,"2":0,"3":0,"4":0,"5":0},"b":{}}
,"/mnt/d/Projects/MyGame/gomoku/src/components/ui/input.tsx": {"path":"/mnt/d/Projects/MyGame/gomoku/src/components/ui/input.tsx","statementMap":{"0":{"start":{"line":1,"column":0},"end":{"line":1,"column":30}},"1":{"start":{"line":3,"column":0},"end":{"line":3,"column":32}},"2":{"start":{"line":7,"column":14},"end":{"line":20,"column":null}},"3":{"start":{"line":9,"column":4},"end":{"line":19,"column":null}},"4":{"start":{"line":24,"column":9},"end":{"line":24,"column":14}},"5":{"start":{"line":22,"column":0},"end":{"line":22,"column":null}}},"fnMap":{"0":{"name":"(anonymous_9)","decl":{"start":{"line":8,"column":2},"end":{"line":8,"column":3}},"loc":{"start":{"line":8,"column":41},"end":{"line":20,"column":3}}}},"branchMap":{},"s":{"0":0,"1":0,"2":0,"3":0,"4":0,"5":0},"f":{"0":0},"b":{}}
,"/mnt/d/Projects/MyGame/gomoku/src/components/ui/select.tsx": {"path":"/mnt/d/Projects/MyGame/gomoku/src/components/ui/select.tsx","statementMap":{"0":{"start":{"line":1,"column":0},"end":{"line":1,"column":30}},"1":{"start":{"line":2,"column":0},"end":{"line":2,"column":57}},"2":{"start":{"line":3,"column":0},"end":{"line":3,"column":81}},"3":{"start":{"line":5,"column":0},"end":{"line":5,"column":32}},"4":{"start":{"line":7,"column":15},"end":{"line":7,"column":35}},"5":{"start":{"line":141,"column":2},"end":{"line":141,"column":8}},"6":{"start":{"line":9,"column":20},"end":{"line":9,"column":41}},"7":{"start":{"line":142,"column":2},"end":{"line":142,"column":13}},"8":{"start":{"line":11,"column":20},"end":{"line":11,"column":41}},"9":{"start":{"line":143,"column":2},"end":{"line":143,"column":13}},"10":{"start":{"line":13,"column":22},"end":{"line":30,"column":2}},"11":{"start":{"line":17,"column":2},"end":{"line":28,"column":null}},"12":{"start":{"line":144,"column":2},"end":{"line":144,"column":15}},"13":{"start":{"line":31,"column":0},"end":{"line":31,"column":null}},"14":{"start":{"line":33,"column":29},"end":{"line":44,"column":2}},"15":{"start":{"line":37,"column":2},"end":{"line":42,"column":null}},"16":{"start":{"line":149,"column":2},"end":{"line":149,"column":22}},"17":{"start":{"line":45,"column":0},"end":{"line":45,"column":null}},"18":{"start":{"line":47,"column":31},"end":{"line":58,"column":2}},"19":{"start":{"line":51,"column":2},"end":{"line":56,"column":null}},"20":{"start":{"line":150,"column":2},"end":{"line":150,"column":24}},"21":{"start":{"line":59,"column":0},"end":{"line":59,"column":null}},"22":{"start":{"line":61,"column":22},"end":{"line":90,"column":2}},"23":{"start":{"line":65,"column":2},"end":{"line":88,"column":null}},"24":{"start":{"line":145,"column":2},"end":{"line":145,"column":15}},"25":{"start":{"line":91,"column":0},"end":{"line":91,"column":null}},"26":{"start":{"line":93,"column":20},"end":{"line":102,"column":2}},"27":{"start":{"line":97,"column":2},"end":{"line":100,"column":null}},"28":{"start":{"line":146,"column":2},"end":{"line":146,"column":13}},"29":{"start":{"line":103,"column":0},"end":{"line":103,"column":null}},"30":{"start":{"line":105,"column":19},"end":{"line":125,"column":2}},"31":{"start":{"line":109,"column":2},"end":{"line":123,"column":null}},"32":{"start":{"line":147,"column":2},"end":{"line":147,"column":12}},"33":{"start":{"line":126,"column":0},"end":{"line":126,"column":null}},"34":{"start":{"line":128,"column":24},"end":{"line":137,"column":2}},"35":{"start":{"line":132,"column":2},"end":{"line":135,"column":null}},"36":{"start":{"line":148,"column":2},"end":{"line":148,"column":17}},"37":{"start":{"line":138,"column":0},"end":{"line":138,"column":null}}},"fnMap":{"0":{"name":"(anonymous_9)","decl":{"start":{"line":16,"column":2},"end":{"line":16,"column":3}},"loc":{"start":{"line":17,"column":2},"end":{"line":28,"column":null}}},"1":{"name":"(anonymous_10)","decl":{"start":{"line":36,"column":2},"end":{"line":36,"column":3}},"loc":{"start":{"line":37,"column":2},"end":{"line":42,"column":null}}},"2":{"name":"(anonymous_11)","decl":{"start":{"line":50,"column":2},"end":{"line":50,"column":3}},"loc":{"start":{"line":51,"column":2},"end":{"line":56,"column":null}}},"3":{"name":"(anonymous_12)","decl":{"start":{"line":64,"column":2},"end":{"line":64,"column":3}},"loc":{"start":{"line":65,"column":2},"end":{"line":88,"column":null}}},"4":{"name":"(anonymous_13)","decl":{"start":{"line":96,"column":2},"end":{"line":96,"column":3}},"loc":{"start":{"line":97,"column":2},"end":{"line":100,"column":null}}},"5":{"name":"(anonymous_14)","decl":{"start":{"line":108,"column":2},"end":{"line":108,"column":3}},"loc":{"start":{"line":109,"column":2},"end":{"line":123,"column":null}}},"6":{"name":"(anonymous_15)","decl":{"start":{"line":131,"column":2},"end":{"line":131,"column":3}},"loc":{"start":{"line":132,"column":2},"end":{"line":135,"column":null}}}},"branchMap":{"0":{"loc":{"start":{"line":64,"column":26},"end":{"line":64,"column":45}},"type":"default-arg","locations":[{"start":{"line":64,"column":37},"end":{"line":64,"column":45}}]},"1":{"loc":{"start":{"line":70,"column":8},"end":{"line":71,"column":139}},"type":"binary-expr","locations":[{"start":{"line":70,"column":8},"end":{"line":70,"column":29}},{"start":{"line":71,"column":10},"end":{"line":71,"column":139}}]},"2":{"loc":{"start":{"line":81,"column":10},"end":{"line":82,"column":101}},"type":"binary-expr","locations":[{"start":{"line":81,"column":10},"end":{"line":81,"column":31}},{"start":{"line":82,"column":12},"end":{"line":82,"column":101}}]}},"s":{"0":0,"1":0,"2":0,"3":0,"4":0,"5":0,"6":0,"7":0,"8":0,"9":0,"10":0,"11":0,"12":0,"13":0,"14":0,"15":0,"16":0,"17":0,"18":0,"19":0,"20":0,"21":0,"22":0,"23":0,"24":0,"25":0,"26":0,"27":0,"28":0,"29":0,"30":0,"31":0,"32":0,"33":0,"34":0,"35":0,"36":0,"37":0},"f":{"0":0,"1":0,"2":0,"3":0,"4":0,"5":0,"6":0},"b":{"0":[0],"1":[0,0],"2":[0,0]}}
,"/mnt/d/Projects/MyGame/gomoku/src/constants/gameConstants.ts": {"path":"/mnt/d/Projects/MyGame/gomoku/src/constants/gameConstants.ts","statementMap":{"0":{"start":{"line":11,"column":13},"end":{"line":11,"column":null}},"1":{"start":{"line":14,"column":13},"end":{"line":14,"column":null}},"2":{"start":{"line":17,"column":13},"end":{"line":17,"column":null}},"3":{"start":{"line":20,"column":13},"end":{"line":20,"column":null}},"4":{"start":{"line":23,"column":13},"end":{"line":23,"column":null}},"5":{"start":{"line":26,"column":13},"end":{"line":26,"column":null}},"6":{"start":{"line":33,"column":13},"end":{"line":33,"column":null}},"7":{"start":{"line":36,"column":13},"end":{"line":36,"column":null}},"8":{"start":{"line":39,"column":13},"end":{"line":39,"column":null}},"9":{"start":{"line":42,"column":13},"end":{"line":42,"column":null}},"10":{"start":{"line":45,"column":13},"end":{"line":45,"column":null}},"11":{"start":{"line":48,"column":13},"end":{"line":48,"column":null}},"12":{"start":{"line":55,"column":13},"end":{"line":55,"column":null}},"13":{"start":{"line":58,"column":13},"end":{"line":58,"column":null}},"14":{"start":{"line":61,"column":13},"end":{"line":61,"column":null}},"15":{"start":{"line":64,"column":13},"end":{"line":64,"column":null}},"16":{"start":{"line":67,"column":13},"end":{"line":67,"column":null}},"17":{"start":{"line":70,"column":13},"end":{"line":70,"column":null}},"18":{"start":{"line":73,"column":13},"end":{"line":73,"column":null}},"19":{"start":{"line":80,"column":13},"end":{"line":80,"column":null}},"20":{"start":{"line":83,"column":13},"end":{"line":83,"column":null}},"21":{"start":{"line":86,"column":13},"end":{"line":86,"column":null}},"22":{"start":{"line":89,"column":13},"end":{"line":89,"column":null}},"23":{"start":{"line":92,"column":13},"end":{"line":92,"column":null}},"24":{"start":{"line":99,"column":13},"end":{"line":99,"column":null}},"25":{"start":{"line":102,"column":13},"end":{"line":102,"column":null}},"26":{"start":{"line":109,"column":13},"end":{"line":109,"column":null}},"27":{"start":{"line":112,"column":13},"end":{"line":112,"column":null}}},"fnMap":{},"branchMap":{},"s":{"0":2,"1":2,"2":2,"3":2,"4":2,"5":2,"6":2,"7":2,"8":2,"9":2,"10":2,"11":2,"12":2,"13":2,"14":2,"15":2,"16":2,"17":2,"18":2,"19":2,"20":2,"21":2,"22":2,"23":2,"24":2,"25":2,"26":2,"27":2},"f":{},"b":{}}
,"/mnt/d/Projects/MyGame/gomoku/src/hooks/useCharacterSelection.ts": {"path":"/mnt/d/Projects/MyGame/gomoku/src/hooks/useCharacterSelection.ts","statementMap":{"0":{"start":{"line":18,"column":0},"end":{"line":18,"column":16}},"1":{"start":{"line":6,"column":0},"end":{"line":6,"column":45}},"2":{"start":{"line":7,"column":0},"end":{"line":7,"column":53}},"3":{"start":{"line":12,"column":63},"end":{"line":16,"column":null}},"4":{"start":{"line":19,"column":38},"end":{"line":19,"column":77}},"5":{"start":{"line":20,"column":36},"end":{"line":21,"column":null}},"6":{"start":{"line":21,"column":4},"end":{"line":21,"column":62}},"7":{"start":{"line":24,"column":26},"end":{"line":28,"column":8}},"8":{"start":{"line":25,"column":4},"end":{"line":25,"column":null}},"9":{"start":{"line":26,"column":24},"end":{"line":26,"column":60}},"10":{"start":{"line":27,"column":4},"end":{"line":27,"column":null}},"11":{"start":{"line":30,"column":36},"end":{"line":33,"column":8}},"12":{"start":{"line":31,"column":24},"end":{"line":31,"column":51}},"13":{"start":{"line":32,"column":4},"end":{"line":32,"column":null}},"14":{"start":{"line":35,"column":2},"end":{"line":40,"column":null}}},"fnMap":{"0":{"name":"useCharacterSelection","decl":{"start":{"line":18,"column":16},"end":{"line":18,"column":37}},"loc":{"start":{"line":18,"column":78},"end":{"line":41,"column":1}}},"1":{"name":"(anonymous_1)","decl":{"start":{"line":20,"column":56},"end":{"line":20,"column":59}},"loc":{"start":{"line":21,"column":4},"end":{"line":21,"column":62}}},"2":{"name":"(anonymous_2)","decl":{"start":{"line":24,"column":38},"end":{"line":24,"column":39}},"loc":{"start":{"line":24,"column":68},"end":{"line":28,"column":3}}},"3":{"name":"(anonymous_3)","decl":{"start":{"line":30,"column":48},"end":{"line":30,"column":49}},"loc":{"start":{"line":30,"column":80},"end":{"line":33,"column":3}}}},"branchMap":{"0":{"loc":{"start":{"line":18,"column":38},"end":{"line":18,"column":78}},"type":"default-arg","locations":[{"start":{"line":18,"column":70},"end":{"line":18,"column":78}}]}},"s":{"0":0,"1":0,"2":0,"3":0,"4":0,"5":0,"6":0,"7":0,"8":0,"9":0,"10":0,"11":0,"12":0,"13":0,"14":0},"f":{"0":0,"1":0,"2":0,"3":0},"b":{"0":[0]}}
,"/mnt/d/Projects/MyGame/gomoku/src/hooks/useGameAudio.ts": {"path":"/mnt/d/Projects/MyGame/gomoku/src/hooks/useGameAudio.ts","statementMap":{"0":{"start":{"line":18,"column":0},"end":{"line":18,"column":16}},"1":{"start":{"line":7,"column":0},"end":{"line":7,"column":64}},"2":{"start":{"line":8,"column":0},"end":{"line":8,"column":67}},"3":{"start":{"line":19,"column":32},"end":{"line":21,"column":4}},"4":{"start":{"line":20,"column":4},"end":{"line":20,"column":null}},"5":{"start":{"line":23,"column":26},"end":{"line":23,"column":59}},"6":{"start":{"line":26,"column":2},"end":{"line":43,"column":null}},"7":{"start":{"line":27,"column":4},"end":{"line":36,"column":5}},"8":{"start":{"line":28,"column":6},"end":{"line":35,"column":7}},"9":{"start":{"line":29,"column":34},"end":{"line":29,"column":100}},"10":{"start":{"line":30,"column":8},"end":{"line":32,"column":9}},"11":{"start":{"line":31,"column":10},"end":{"line":31,"column":null}},"12":{"start":{"line":38,"column":4},"end":{"line":42,"column":null}},"13":{"start":{"line":39,"column":6},"end":{"line":41,"column":7}},"14":{"start":{"line":40,"column":8},"end":{"line":40,"column":null}},"15":{"start":{"line":46,"column":21},"end":{"line":52,"column":8}},"16":{"start":{"line":47,"column":4},"end":{"line":51,"column":null}},"17":{"start":{"line":48,"column":23},"end":{"line":48,"column":28}},"18":{"start":{"line":49,"column":6},"end":{"line":49,"column":null}},"19":{"start":{"line":50,"column":6},"end":{"line":50,"column":null}},"20":{"start":{"line":55,"column":23},"end":{"line":81,"column":15}},"21":{"start":{"line":56,"column":4},"end":{"line":56,"column":51}},"22":{"start":{"line":56,"column":45},"end":{"line":56,"column":51}},"23":{"start":{"line":58,"column":16},"end":{"line":58,"column":39}},"24":{"start":{"line":59,"column":16},"end":{"line":59,"column":31}},"25":{"start":{"line":62,"column":16},"end":{"line":62,"column":38}},"26":{"start":{"line":63,"column":21},"end":{"line":63,"column":37}},"27":{"start":{"line":65,"column":4},"end":{"line":65,"column":null}},"28":{"start":{"line":66,"column":4},"end":{"line":66,"column":null}},"29":{"start":{"line":69,"column":4},"end":{"line":69,"column":null}},"30":{"start":{"line":70,"column":4},"end":{"line":70,"column":null}},"31":{"start":{"line":71,"column":4},"end":{"line":71,"column":null}},"32":{"start":{"line":74,"column":4},"end":{"line":74,"column":null}},"33":{"start":{"line":75,"column":4},"end":{"line":75,"column":null}},"34":{"start":{"line":76,"column":4},"end":{"line":76,"column":null}},"35":{"start":{"line":78,"column":4},"end":{"line":78,"column":null}},"36":{"start":{"line":79,"column":4},"end":{"line":79,"column":null}},"37":{"start":{"line":80,"column":4},"end":{"line":80,"column":null}},"38":{"start":{"line":84,"column":24},"end":{"line":106,"column":15}},"39":{"start":{"line":85,"column":4},"end":{"line":85,"column":51}},"40":{"start":{"line":85,"column":45},"end":{"line":85,"column":51}},"41":{"start":{"line":87,"column":16},"end":{"line":87,"column":39}},"42":{"start":{"line":88,"column":16},"end":{"line":88,"column":31}},"43":{"start":{"line":90,"column":16},"end":{"line":90,"column":38}},"44":{"start":{"line":91,"column":21},"end":{"line":91,"column":37}},"45":{"start":{"line":93,"column":4},"end":{"line":93,"column":null}},"46":{"start":{"line":94,"column":4},"end":{"line":94,"column":null}},"47":{"start":{"line":96,"column":4},"end":{"line":96,"column":null}},"48":{"start":{"line":97,"column":4},"end":{"line":97,"column":null}},"49":{"start":{"line":99,"column":4},"end":{"line":99,"column":null}},"50":{"start":{"line":100,"column":4},"end":{"line":100,"column":null}},"51":{"start":{"line":101,"column":4},"end":{"line":101,"column":null}},"52":{"start":{"line":103,"column":4},"end":{"line":103,"column":null}},"53":{"start":{"line":104,"column":4},"end":{"line":104,"column":null}},"54":{"start":{"line":105,"column":4},"end":{"line":105,"column":null}},"55":{"start":{"line":109,"column":22},"end":{"line":135,"column":15}},"56":{"start":{"line":110,"column":4},"end":{"line":110,"column":51}},"57":{"start":{"line":110,"column":45},"end":{"line":110,"column":51}},"58":{"start":{"line":112,"column":16},"end":{"line":112,"column":39}},"59":{"start":{"line":113,"column":16},"end":{"line":113,"column":31}},"60":{"start":{"line":116,"column":18},"end":{"line":116,"column":38}},"61":{"start":{"line":117,"column":4},"end":{"line":134,"column":null}},"62":{"start":{"line":118,"column":18},"end":{"line":118,"column":40}},"63":{"start":{"line":119,"column":23},"end":{"line":119,"column":39}},"64":{"start":{"line":121,"column":6},"end":{"line":121,"column":null}},"65":{"start":{"line":122,"column":6},"end":{"line":122,"column":null}},"66":{"start":{"line":124,"column":24},"end":{"line":124,"column":38}},"67":{"start":{"line":125,"column":6},"end":{"line":125,"column":null}},"68":{"start":{"line":127,"column":6},"end":{"line":127,"column":null}},"69":{"start":{"line":128,"column":6},"end":{"line":128,"column":null}},"70":{"start":{"line":129,"column":6},"end":{"line":129,"column":null}},"71":{"start":{"line":131,"column":6},"end":{"line":131,"column":null}},"72":{"start":{"line":132,"column":6},"end":{"line":132,"column":null}},"73":{"start":{"line":133,"column":6},"end":{"line":133,"column":null}},"74":{"start":{"line":138,"column":21},"end":{"line":162,"column":15}},"75":{"start":{"line":139,"column":4},"end":{"line":139,"column":51}},"76":{"start":{"line":139,"column":45},"end":{"line":139,"column":51}},"77":{"start":{"line":141,"column":16},"end":{"line":141,"column":39}},"78":{"start":{"line":142,"column":16},"end":{"line":142,"column":31}},"79":{"start":{"line":144,"column":16},"end":{"line":144,"column":38}},"80":{"start":{"line":145,"column":21},"end":{"line":145,"column":37}},"81":{"start":{"line":147,"column":4},"end":{"line":147,"column":null}},"82":{"start":{"line":148,"column":4},"end":{"line":148,"column":null}},"83":{"start":{"line":151,"column":4},"end":{"line":151,"column":null}},"84":{"start":{"line":152,"column":4},"end":{"line":152,"column":null}},"85":{"start":{"line":155,"column":4},"end":{"line":155,"column":null}},"86":{"start":{"line":156,"column":4},"end":{"line":156,"column":null}},"87":{"start":{"line":157,"column":4},"end":{"line":157,"column":null}},"88":{"start":{"line":159,"column":4},"end":{"line":159,"column":null}},"89":{"start":{"line":160,"column":4},"end":{"line":160,"column":null}},"90":{"start":{"line":161,"column":4},"end":{"line":161,"column":null}},"91":{"start":{"line":165,"column":19},"end":{"line":189,"column":15}},"92":{"start":{"line":166,"column":4},"end":{"line":166,"column":51}},"93":{"start":{"line":166,"column":45},"end":{"line":166,"column":51}},"94":{"start":{"line":168,"column":16},"end":{"line":168,"column":39}},"95":{"start":{"line":169,"column":16},"end":{"line":169,"column":31}},"96":{"start":{"line":172,"column":5},"end":{"line":188,"column":null}},"97":{"start":{"line":173,"column":18},"end":{"line":173,"column":40}},"98":{"start":{"line":174,"column":23},"end":{"line":174,"column":39}},"99":{"start":{"line":176,"column":6},"end":{"line":176,"column":null}},"100":{"start":{"line":177,"column":6},"end":{"line":177,"column":null}},"101":{"start":{"line":179,"column":6},"end":{"line":179,"column":null}},"102":{"start":{"line":181,"column":6},"end":{"line":181,"column":null}},"103":{"start":{"line":182,"column":6},"end":{"line":182,"column":null}},"104":{"start":{"line":183,"column":6},"end":{"line":183,"column":null}},"105":{"start":{"line":185,"column":6},"end":{"line":185,"column":null}},"106":{"start":{"line":186,"column":6},"end":{"line":186,"column":null}},"107":{"start":{"line":187,"column":6},"end":{"line":187,"column":null}},"108":{"start":{"line":192,"column":20},"end":{"line":212,"column":null}},"109":{"start":{"line":194,"column":6},"end":{"line":210,"column":7}},"110":{"start":{"line":196,"column":10},"end":{"line":196,"column":null}},"111":{"start":{"line":197,"column":10},"end":{"line":197,"column":15}},"112":{"start":{"line":199,"column":10},"end":{"line":199,"column":null}},"113":{"start":{"line":200,"column":10},"end":{"line":200,"column":15}},"114":{"start":{"line":202,"column":10},"end":{"line":202,"column":null}},"115":{"start":{"line":203,"column":10},"end":{"line":203,"column":15}},"116":{"start":{"line":205,"column":10},"end":{"line":205,"column":null}},"117":{"start":{"line":206,"column":10},"end":{"line":206,"column":15}},"118":{"start":{"line":208,"column":10},"end":{"line":208,"column":null}},"119":{"start":{"line":209,"column":10},"end":{"line":209,"column":15}},"120":{"start":{"line":215,"column":2},"end":{"line":224,"column":null}}},"fnMap":{"0":{"name":"useGameAudio","decl":{"start":{"line":18,"column":16},"end":{"line":18,"column":28}},"loc":{"start":{"line":18,"column":28},"end":{"line":225,"column":1}}},"1":{"name":"(anonymous_1)","decl":{"start":{"line":19,"column":41},"end":{"line":19,"column":44}},"loc":{"start":{"line":19,"column":46},"end":{"line":21,"column":3}}},"2":{"name":"(anonymous_2)","decl":{"start":{"line":26,"column":12},"end":{"line":26,"column":15}},"loc":{"start":{"line":26,"column":17},"end":{"line":43,"column":3}}},"3":{"name":"(anonymous_3)","decl":{"start":{"line":38,"column":11},"end":{"line":38,"column":14}},"loc":{"start":{"line":38,"column":16},"end":{"line":42,"column":5}}},"4":{"name":"(anonymous_4)","decl":{"start":{"line":46,"column":33},"end":{"line":46,"column":36}},"loc":{"start":{"line":46,"column":38},"end":{"line":52,"column":3}}},"5":{"name":"(anonymous_5)","decl":{"start":{"line":47,"column":15},"end":{"line":47,"column":19}},"loc":{"start":{"line":47,"column":22},"end":{"line":51,"column":5}}},"6":{"name":"(anonymous_6)","decl":{"start":{"line":55,"column":35},"end":{"line":55,"column":38}},"loc":{"start":{"line":55,"column":40},"end":{"line":81,"column":3}}},"7":{"name":"(anonymous_7)","decl":{"start":{"line":84,"column":36},"end":{"line":84,"column":39}},"loc":{"start":{"line":84,"column":41},"end":{"line":106,"column":3}}},"8":{"name":"(anonymous_8)","decl":{"start":{"line":109,"column":34},"end":{"line":109,"column":37}},"loc":{"start":{"line":109,"column":39},"end":{"line":135,"column":3}}},"9":{"name":"(anonymous_9)","decl":{"start":{"line":117,"column":18},"end":{"line":117,"column":19}},"loc":{"start":{"line":117,"column":30},"end":{"line":134,"column":5}}},"10":{"name":"(anonymous_10)","decl":{"start":{"line":138,"column":33},"end":{"line":138,"column":36}},"loc":{"start":{"line":138,"column":38},"end":{"line":162,"column":3}}},"11":{"name":"(anonymous_11)","decl":{"start":{"line":165,"column":31},"end":{"line":165,"column":34}},"loc":{"start":{"line":165,"column":36},"end":{"line":189,"column":3}}},"12":{"name":"(anonymous_12)","decl":{"start":{"line":172,"column":24},"end":{"line":172,"column":28}},"loc":{"start":{"line":172,"column":31},"end":{"line":188,"column":5}}},"13":{"name":"(anonymous_13)","decl":{"start":{"line":193,"column":4},"end":{"line":193,"column":5}},"loc":{"start":{"line":193,"column":28},"end":{"line":211,"column":5}}}},"branchMap":{"0":{"loc":{"start":{"line":27,"column":4},"end":{"line":36,"column":5}},"type":"if","locations":[{"start":{"line":27,"column":4},"end":{"line":36,"column":5}},{"start":{},"end":{}}]},"1":{"loc":{"start":{"line":27,"column":8},"end":{"line":27,"column":65}},"type":"binary-expr","locations":[{"start":{"line":27,"column":8},"end":{"line":27,"column":37}},{"start":{"line":27,"column":41},"end":{"line":27,"column":65}}]},"2":{"loc":{"start":{"line":29,"column":34},"end":{"line":29,"column":100}},"type":"binary-expr","locations":[{"start":{"line":29,"column":34},"end":{"line":29,"column":53}},{"start":{"line":29,"column":58},"end":{"line":29,"column":100}}]},"3":{"loc":{"start":{"line":30,"column":8},"end":{"line":32,"column":9}},"type":"if","locations":[{"start":{"line":30,"column":8},"end":{"line":32,"column":9}},{"start":{},"end":{}}]},"4":{"loc":{"start":{"line":39,"column":6},"end":{"line":41,"column":7}},"type":"if","locations":[{"start":{"line":39,"column":6},"end":{"line":41,"column":7}},{"start":{},"end":{}}]},"5":{"loc":{"start":{"line":56,"column":4},"end":{"line":56,"column":51}},"type":"if","locations":[{"start":{"line":56,"column":4},"end":{"line":56,"column":51}},{"start":{},"end":{}}]},"6":{"loc":{"start":{"line":56,"column":8},"end":{"line":56,"column":43}},"type":"binary-expr","locations":[{"start":{"line":56,"column":8},"end":{"line":56,"column":15}},{"start":{"line":56,"column":19},"end":{"line":56,"column":43}}]},"7":{"loc":{"start":{"line":85,"column":4},"end":{"line":85,"column":51}},"type":"if","locations":[{"start":{"line":85,"column":4},"end":{"line":85,"column":51}},{"start":{},"end":{}}]},"8":{"loc":{"start":{"line":85,"column":8},"end":{"line":85,"column":43}},"type":"binary-expr","locations":[{"start":{"line":85,"column":8},"end":{"line":85,"column":15}},{"start":{"line":85,"column":19},"end":{"line":85,"column":43}}]},"9":{"loc":{"start":{"line":110,"column":4},"end":{"line":110,"column":51}},"type":"if","locations":[{"start":{"line":110,"column":4},"end":{"line":110,"column":51}},{"start":{},"end":{}}]},"10":{"loc":{"start":{"line":110,"column":8},"end":{"line":110,"column":43}},"type":"binary-expr","locations":[{"start":{"line":110,"column":8},"end":{"line":110,"column":15}},{"start":{"line":110,"column":19},"end":{"line":110,"column":43}}]},"11":{"loc":{"start":{"line":139,"column":4},"end":{"line":139,"column":51}},"type":"if","locations":[{"start":{"line":139,"column":4},"end":{"line":139,"column":51}},{"start":{},"end":{}}]},"12":{"loc":{"start":{"line":139,"column":8},"end":{"line":139,"column":43}},"type":"binary-expr","locations":[{"start":{"line":139,"column":8},"end":{"line":139,"column":15}},{"start":{"line":139,"column":19},"end":{"line":139,"column":43}}]},"13":{"loc":{"start":{"line":166,"column":4},"end":{"line":166,"column":51}},"type":"if","locations":[{"start":{"line":166,"column":4},"end":{"line":166,"column":51}},{"start":{},"end":{}}]},"14":{"loc":{"start":{"line":166,"column":8},"end":{"line":166,"column":43}},"type":"binary-expr","locations":[{"start":{"line":166,"column":8},"end":{"line":166,"column":15}},{"start":{"line":166,"column":19},"end":{"line":166,"column":43}}]},"15":{"loc":{"start":{"line":194,"column":6},"end":{"line":210,"column":7}},"type":"switch","locations":[{"start":{"line":195,"column":8},"end":{"line":197,"column":15}},{"start":{"line":198,"column":8},"end":{"line":200,"column":15}},{"start":{"line":201,"column":8},"end":{"line":203,"column":15}},{"start":{"line":204,"column":8},"end":{"line":206,"column":15}},{"start":{"line":207,"column":8},"end":{"line":209,"column":15}}]}},"s":{"0":0,"1":0,"2":0,"3":0,"4":0,"5":0,"6":0,"7":0,"8":0,"9":0,"10":0,"11":0,"12":0,"13":0,"14":0,"15":0,"16":0,"17":0,"18":0,"19":0,"20":0,"21":0,"22":0,"23":0,"24":0,"25":0,"26":0,"27":0,"28":0,"29":0,"30":0,"31":0,"32":0,"33":0,"34":0,"35":0,"36":0,"37":0,"38":0,"39":0,"40":0,"41":0,"42":0,"43":0,"44":0,"45":0,"46":0,"47":0,"48":0,"49":0,"50":0,"51":0,"52":0,"53":0,"54":0,"55":0,"56":0,"57":0,"58":0,"59":0,"60":0,"61":0,"62":0,"63":0,"64":0,"65":0,"66":0,"67":0,"68":0,"69":0,"70":0,"71":0,"72":0,"73":0,"74":0,"75":0,"76":0,"77":0,"78":0,"79":0,"80":0,"81":0,"82":0,"83":0,"84":0,"85":0,"86":0,"87":0,"88":0,"89":0,"90":0,"91":0,"92":0,"93":0,"94":0,"95":0,"96":0,"97":0,"98":0,"99":0,"100":0,"101":0,"102":0,"103":0,"104":0,"105":0,"106":0,"107":0,"108":0,"109":0,"110":0,"111":0,"112":0,"113":0,"114":0,"115":0,"116":0,"117":0,"118":0,"119":0,"120":0},"f":{"0":0,"1":0,"2":0,"3":0,"4":0,"5":0,"6":0,"7":0,"8":0,"9":0,"10":0,"11":0,"12":0,"13":0},"b":{"0":[0,0],"1":[0,0],"2":[0,0],"3":[0,0],"4":[0,0],"5":[0,0],"6":[0,0],"7":[0,0],"8":[0,0],"9":[0,0],"10":[0,0],"11":[0,0],"12":[0,0],"13":[0,0],"14":[0,0],"15":[0,0,0,0,0]}}
,"/mnt/d/Projects/MyGame/gomoku/src/hooks/useGomokuGame.ts": {"path":"/mnt/d/Projects/MyGame/gomoku/src/hooks/useGomokuGame.ts","statementMap":{"0":{"start":{"line":18,"column":0},"end":{"line":18,"column":16}},"1":{"start":{"line":6,"column":0},"end":{"line":6,"column":64}},"2":{"start":{"line":8,"column":0},"end":{"line":8,"column":null}},"3":{"start":{"line":15,"column":0},"end":{"line":15,"column":46}},"4":{"start":{"line":16,"column":0},"end":{"line":16,"column":85}},"5":{"start":{"line":19,"column":36},"end":{"line":20,"column":null}},"6":{"start":{"line":20,"column":4},"end":{"line":20,"column":52}},"7":{"start":{"line":22,"column":54},"end":{"line":22,"column":85}},"8":{"start":{"line":23,"column":40},"end":{"line":23,"column":55}},"9":{"start":{"line":25,"column":27},"end":{"line":25,"column":77}},"10":{"start":{"line":26,"column":30},"end":{"line":26,"column":80}},"11":{"start":{"line":27,"column":29},"end":{"line":27,"column":42}},"12":{"start":{"line":30,"column":2},"end":{"line":39,"column":null}},"13":{"start":{"line":31,"column":4},"end":{"line":38,"column":null}},"14":{"start":{"line":32,"column":6},"end":{"line":34,"column":7}},"15":{"start":{"line":33,"column":8},"end":{"line":33,"column":null}},"16":{"start":{"line":35,"column":6},"end":{"line":37,"column":7}},"17":{"start":{"line":36,"column":8},"end":{"line":36,"column":null}},"18":{"start":{"line":42,"column":2},"end":{"line":116,"column":null}},"19":{"start":{"line":43,"column":4},"end":{"line":101,"column":5}},"20":{"start":{"line":50,"column":6},"end":{"line":50,"column":null}},"21":{"start":{"line":52,"column":6},"end":{"line":100,"column":null}},"22":{"start":{"line":53,"column":8},"end":{"line":99,"column":9}},"23":{"start":{"line":54,"column":29},"end":{"line":54,"column":80}},"24":{"start":{"line":56,"column":10},"end":{"line":93,"column":11}},"25":{"start":{"line":57,"column":12},"end":{"line":57,"column":null}},"26":{"start":{"line":58,"column":12},"end":{"line":58,"column":null}},"27":{"start":{"line":60,"column":12},"end":{"line":92,"column":null}},"28":{"start":{"line":61,"column":14},"end":{"line":89,"column":null}},"29":{"start":{"line":62,"column":16},"end":{"line":88,"column":17}},"30":{"start":{"line":63,"column":35},"end":{"line":63,"column":77}},"31":{"start":{"line":64,"column":33},"end":{"line":64,"column":54}},"32":{"start":{"line":66,"column":37},"end":{"line":69,"column":null}},"33":{"start":{"line":71,"column":35},"end":{"line":71,"column":64}},"34":{"start":{"line":72,"column":37},"end":{"line":72,"column":74}},"35":{"start":{"line":74,"column":18},"end":{"line":84,"column":null}},"36":{"start":{"line":87,"column":18},"end":{"line":87,"column":null}},"37":{"start":{"line":90,"column":14},"end":{"line":90,"column":null}},"38":{"start":{"line":91,"column":14},"end":{"line":91,"column":null}},"39":{"start":{"line":96,"column":10},"end":{"line":96,"column":null}},"40":{"start":{"line":98,"column":10},"end":{"line":98,"column":null}},"41":{"start":{"line":103,"column":4},"end":{"line":108,"column":null}},"42":{"start":{"line":104,"column":6},"end":{"line":107,"column":7}},"43":{"start":{"line":105,"column":8},"end":{"line":105,"column":null}},"44":{"start":{"line":106,"column":8},"end":{"line":106,"column":null}},"45":{"start":{"line":121,"column":28},"end":{"line":177,"column":null}},"46":{"start":{"line":124,"column":6},"end":{"line":130,"column":7}},"47":{"start":{"line":129,"column":8},"end":{"line":129,"column":14}},"48":{"start":{"line":132,"column":23},"end":{"line":132,"column":35}},"49":{"start":{"line":135,"column":6},"end":{"line":137,"column":7}},"50":{"start":{"line":136,"column":8},"end":{"line":136,"column":14}},"51":{"start":{"line":140,"column":6},"end":{"line":140,"column":null}},"52":{"start":{"line":141,"column":6},"end":{"line":141,"column":null}},"53":{"start":{"line":143,"column":6},"end":{"line":175,"column":null}},"54":{"start":{"line":144,"column":8},"end":{"line":172,"column":null}},"55":{"start":{"line":145,"column":10},"end":{"line":171,"column":11}},"56":{"start":{"line":146,"column":29},"end":{"line":146,"column":69}},"57":{"start":{"line":147,"column":27},"end":{"line":147,"column":48}},"58":{"start":{"line":149,"column":31},"end":{"line":152,"column":null}},"59":{"start":{"line":154,"column":29},"end":{"line":154,"column":58}},"60":{"start":{"line":155,"column":31},"end":{"line":155,"column":68}},"61":{"start":{"line":157,"column":12},"end":{"line":167,"column":null}},"62":{"start":{"line":170,"column":12},"end":{"line":170,"column":null}},"63":{"start":{"line":173,"column":8},"end":{"line":173,"column":null}},"64":{"start":{"line":174,"column":8},"end":{"line":174,"column":null}},"65":{"start":{"line":183,"column":23},"end":{"line":187,"column":28}},"66":{"start":{"line":184,"column":4},"end":{"line":184,"column":null}},"67":{"start":{"line":185,"column":4},"end":{"line":185,"column":null}},"68":{"start":{"line":186,"column":4},"end":{"line":186,"column":null}},"69":{"start":{"line":192,"column":27},"end":{"line":197,"column":8}},"70":{"start":{"line":193,"column":4},"end":{"line":196,"column":null}},"71":{"start":{"line":193,"column":31},"end":{"line":196,"column":6}},"72":{"start":{"line":202,"column":23},"end":{"line":210,"column":null}},"73":{"start":{"line":204,"column":6},"end":{"line":208,"column":null}},"74":{"start":{"line":216,"column":28},"end":{"line":222,"column":null}},"75":{"start":{"line":218,"column":6},"end":{"line":220,"column":null}},"76":{"start":{"line":219,"column":43},"end":{"line":219,"column":77}},"77":{"start":{"line":225,"column":2},"end":{"line":233,"column":null}}},"fnMap":{"0":{"name":"useGomokuGame","decl":{"start":{"line":18,"column":16},"end":{"line":18,"column":29}},"loc":{"start":{"line":18,"column":70},"end":{"line":234,"column":1}}},"1":{"name":"(anonymous_1)","decl":{"start":{"line":19,"column":56},"end":{"line":19,"column":59}},"loc":{"start":{"line":20,"column":4},"end":{"line":20,"column":52}}},"2":{"name":"(anonymous_2)","decl":{"start":{"line":30,"column":12},"end":{"line":30,"column":15}},"loc":{"start":{"line":30,"column":17},"end":{"line":39,"column":3}}},"3":{"name":"(anonymous_3)","decl":{"start":{"line":31,"column":11},"end":{"line":31,"column":14}},"loc":{"start":{"line":31,"column":16},"end":{"line":38,"column":5}}},"4":{"name":"(anonymous_4)","decl":{"start":{"line":42,"column":12},"end":{"line":42,"column":15}},"loc":{"start":{"line":42,"column":17},"end":{"line":109,"column":3}}},"5":{"name":"(anonymous_5)","decl":{"start":{"line":52,"column":44},"end":{"line":52,"column":47}},"loc":{"start":{"line":52,"column":49},"end":{"line":100,"column":7}}},"6":{"name":"(anonymous_6)","decl":{"start":{"line":60,"column":53},"end":{"line":60,"column":56}},"loc":{"start":{"line":60,"column":58},"end":{"line":92,"column":13}}},"7":{"name":"(anonymous_7)","decl":{"start":{"line":61,"column":27},"end":{"line":61,"column":36}},"loc":{"start":{"line":61,"column":39},"end":{"line":89,"column":15}}},"8":{"name":"(anonymous_8)","decl":{"start":{"line":103,"column":11},"end":{"line":103,"column":14}},"loc":{"start":{"line":103,"column":16},"end":{"line":108,"column":5}}},"9":{"name":"(anonymous_9)","decl":{"start":{"line":122,"column":4},"end":{"line":122,"column":5}},"loc":{"start":{"line":122,"column":33},"end":{"line":176,"column":5}}},"10":{"name":"(anonymous_10)","decl":{"start":{"line":143,"column":47},"end":{"line":143,"column":50}},"loc":{"start":{"line":143,"column":52},"end":{"line":175,"column":7}}},"11":{"name":"(anonymous_11)","decl":{"start":{"line":144,"column":21},"end":{"line":144,"column":30}},"loc":{"start":{"line":144,"column":33},"end":{"line":172,"column":9}}},"12":{"name":"(anonymous_12)","decl":{"start":{"line":183,"column":35},"end":{"line":183,"column":38}},"loc":{"start":{"line":183,"column":40},"end":{"line":187,"column":3}}},"13":{"name":"(anonymous_13)","decl":{"start":{"line":192,"column":39},"end":{"line":192,"column":40}},"loc":{"start":{"line":192,"column":69},"end":{"line":197,"column":3}}},"14":{"name":"(anonymous_14)","decl":{"start":{"line":193,"column":17},"end":{"line":193,"column":26}},"loc":{"start":{"line":193,"column":31},"end":{"line":196,"column":6}}},"15":{"name":"(anonymous_15)","decl":{"start":{"line":203,"column":4},"end":{"line":203,"column":5}},"loc":{"start":{"line":203,"column":42},"end":{"line":209,"column":5}}},"16":{"name":"(anonymous_16)","decl":{"start":{"line":217,"column":4},"end":{"line":217,"column":5}},"loc":{"start":{"line":217,"column":42},"end":{"line":221,"column":5}}},"17":{"name":"(anonymous_17)","decl":{"start":{"line":219,"column":36},"end":{"line":219,"column":39}},"loc":{"start":{"line":219,"column":43},"end":{"line":219,"column":77}}}},"branchMap":{"0":{"loc":{"start":{"line":18,"column":30},"end":{"line":18,"column":70}},"type":"default-arg","locations":[{"start":{"line":18,"column":62},"end":{"line":18,"column":70}}]},"1":{"loc":{"start":{"line":32,"column":6},"end":{"line":34,"column":7}},"type":"if","locations":[{"start":{"line":32,"column":6},"end":{"line":34,"column":7}},{"start":{},"end":{}}]},"2":{"loc":{"start":{"line":35,"column":6},"end":{"line":37,"column":7}},"type":"if","locations":[{"start":{"line":35,"column":6},"end":{"line":37,"column":7}},{"start":{},"end":{}}]},"3":{"loc":{"start":{"line":43,"column":4},"end":{"line":101,"column":5}},"type":"if","locations":[{"start":{"line":43,"column":4},"end":{"line":101,"column":5}},{"start":{},"end":{}}]},"4":{"loc":{"start":{"line":44,"column":6},"end":{"line":48,"column":33}},"type":"binary-expr","locations":[{"start":{"line":44,"column":6},"end":{"line":44,"column":35}},{"start":{"line":45,"column":6},"end":{"line":45,"column":36}},{"start":{"line":46,"column":6},"end":{"line":46,"column":30}},{"start":{"line":47,"column":6},"end":{"line":47,"column":18}},{"start":{"line":48,"column":6},"end":{"line":48,"column":33}}]},"5":{"loc":{"start":{"line":56,"column":10},"end":{"line":93,"column":11}},"type":"if","locations":[{"start":{"line":56,"column":10},"end":{"line":93,"column":11}},{"start":{},"end":{}}]},"6":{"loc":{"start":{"line":72,"column":37},"end":{"line":72,"column":74}},"type":"cond-expr","locations":[{"start":{"line":72,"column":69},"end":{"line":72,"column":70}},{"start":{"line":72,"column":73},"end":{"line":72,"column":74}}]},"7":{"loc":{"start":{"line":78,"column":28},"end":{"line":78,"column":92}},"type":"cond-expr","locations":[{"start":{"line":78,"column":47},"end":{"line":78,"column":79}},{"start":{"line":78,"column":83},"end":{"line":78,"column":92}}]},"8":{"loc":{"start":{"line":78,"column":47},"end":{"line":78,"column":79}},"type":"cond-expr","locations":[{"start":{"line":78,"column":65},"end":{"line":78,"column":71}},{"start":{"line":78,"column":74},"end":{"line":78,"column":79}}]},"9":{"loc":{"start":{"line":104,"column":6},"end":{"line":107,"column":7}},"type":"if","locations":[{"start":{"line":104,"column":6},"end":{"line":107,"column":7}},{"start":{},"end":{}}]},"10":{"loc":{"start":{"line":124,"column":6},"end":{"line":130,"column":7}},"type":"if","locations":[{"start":{"line":124,"column":6},"end":{"line":130,"column":7}},{"start":{},"end":{}}]},"11":{"loc":{"start":{"line":125,"column":8},"end":{"line":127,"column":37}},"type":"binary-expr","locations":[{"start":{"line":125,"column":8},"end":{"line":125,"column":19}},{"start":{"line":126,"column":8},"end":{"line":126,"column":38}},{"start":{"line":127,"column":8},"end":{"line":127,"column":37}}]},"12":{"loc":{"start":{"line":135,"column":6},"end":{"line":137,"column":7}},"type":"if","locations":[{"start":{"line":135,"column":6},"end":{"line":137,"column":7}},{"start":{},"end":{}}]},"13":{"loc":{"start":{"line":155,"column":31},"end":{"line":155,"column":68}},"type":"cond-expr","locations":[{"start":{"line":155,"column":63},"end":{"line":155,"column":64}},{"start":{"line":155,"column":67},"end":{"line":155,"column":68}}]},"14":{"loc":{"start":{"line":161,"column":22},"end":{"line":161,"column":86}},"type":"cond-expr","locations":[{"start":{"line":161,"column":41},"end":{"line":161,"column":73}},{"start":{"line":161,"column":77},"end":{"line":161,"column":86}}]},"15":{"loc":{"start":{"line":161,"column":41},"end":{"line":161,"column":73}},"type":"cond-expr","locations":[{"start":{"line":161,"column":59},"end":{"line":161,"column":65}},{"start":{"line":161,"column":68},"end":{"line":161,"column":73}}]},"16":{"loc":{"start":{"line":205,"column":8},"end":{"line":207,"column":38}},"type":"binary-expr","locations":[{"start":{"line":205,"column":8},"end":{"line":205,"column":35}},{"start":{"line":206,"column":8},"end":{"line":206,"column":38}},{"start":{"line":207,"column":8},"end":{"line":207,"column":38}}]},"17":{"loc":{"start":{"line":219,"column":8},"end":{"line":219,"column":87}},"type":"binary-expr","locations":[{"start":{"line":219,"column":8},"end":{"line":219,"column":78}},{"start":{"line":219,"column":82},"end":{"line":219,"column":87}}]},"18":{"loc":{"start":{"line":219,"column":43},"end":{"line":219,"column":77}},"type":"binary-expr","locations":[{"start":{"line":219,"column":43},"end":{"line":219,"column":58}},{"start":{"line":219,"column":62},"end":{"line":219,"column":77}}]}},"s":{"0":0,"1":0,"2":0,"3":0,"4":0,"5":0,"6":0,"7":0,"8":0,"9":0,"10":0,"11":0,"12":0,"13":0,"14":0,"15":0,"16":0,"17":0,"18":0,"19":0,"20":0,"21":0,"22":0,"23":0,"24":0,"25":0,"26":0,"27":0,"28":0,"29":0,"30":0,"31":0,"32":0,"33":0,"34":0,"35":0,"36":0,"37":0,"38":0,"39":0,"40":0,"41":0,"42":0,"43":0,"44":0,"45":0,"46":0,"47":0,"48":0,"49":0,"50":0,"51":0,"52":0,"53":0,"54":0,"55":0,"56":0,"57":0,"58":0,"59":0,"60":0,"61":0,"62":0,"63":0,"64":0,"65":0,"66":0,"67":0,"68":0,"69":0,"70":0,"71":0,"72":0,"73":0,"74":0,"75":0,"76":0,"77":0},"f":{"0":0,"1":0,"2":0,"3":0,"4":0,"5":0,"6":0,"7":0,"8":0,"9":0,"10":0,"11":0,"12":0,"13":0,"14":0,"15":0,"16":0,"17":0},"b":{"0":[0],"1":[0,0],"2":[0,0],"3":[0,0],"4":[0,0,0,0,0],"5":[0,0],"6":[0,0],"7":[0,0],"8":[0,0],"9":[0,0],"10":[0,0],"11":[0,0,0],"12":[0,0],"13":[0,0],"14":[0,0],"15":[0,0],"16":[0,0,0],"17":[0,0],"18":[0,0]}}
[...]
7,"column":27}},"loc":{"start":{"line":237,"column":40},"end":{"line":253,"column":1}}},"12":{"name":"checkGameOver","decl":{"start":{"line":258,"column":16},"end":{"line":258,"column":29}},"loc":{"start":{"line":260,"column":17},"end":{"line":282,"column":1}}},"13":{"name":"createInitialGameState","decl":{"start":{"line":287,"column":16},"end":{"line":287,"column":38}},"loc":{"start":{"line":289,"column":51},"end":{"line":304,"column":1}}},"14":{"name":"getRelevantPositions","decl":{"start":{"line":309,"column":16},"end":{"line":309,"column":36}},"loc":{"start":{"line":309,"column":68},"end":{"line":344,"column":1}}},"15":{"name":"(anonymous_15)","decl":{"start":{"line":340,"column":34},"end":{"line":340,"column":37}},"loc":{"start":{"line":340,"column":40},"end":{"line":343,"column":3}}}},"branchMap":{"0":{"loc":{"start":{"line":50,"column":9},"end":{"line":50,"column":69}},"type":"binary-expr","locations":[{"start":{"line":50,"column":9},"end":{"line":50,"column":17}},{"start":{"line":50,"column":21},"end":{"line":50,"column":37}},{"start":{"line":50,"column":41},"end":{"line":50,"column":49}},{"start":{"line":50,"column":53},"end":{"line":50,"column":69}}]},"1":{"loc":{"start":{"line":85,"column":9},"end":{"line":85,"column":64}},"type":"binary-expr","locations":[{"start":{"line":85,"column":9},"end":{"line":85,"column":34}},{"start":{"line":85,"column":38},"end":{"line":85,"column":64}}]},"2":{"loc":{"start":{"line":95,"column":9},"end":{"line":95,"column":64}},"type":"binary-expr","locations":[{"start":{"line":95,"column":9},"end":{"line":95,"column":34}},{"start":{"line":95,"column":38},"end":{"line":95,"column":64}}]},"3":{"loc":{"start":{"line":120,"column":4},"end":{"line":122,"column":5}},"type":"if","locations":[{"start":{"line":120,"column":4},"end":{"line":122,"column":5}},{"start":{},"end":{}}]},"4":{"loc":{"start":{"line":134,"column":6},"end":{"line":136,"column":7}},"type":"if","locations":[{"start":{"line":134,"column":6},"end":{"line":136,"column":7}},{"start":{},"end":{}}]},"5":{"loc":{"start":{"line":159,"column":9},"end":{"line":159,"column":64}},"type":"binary-expr","locations":[{"start":{"line":159,"column":9},"end":{"line":159,"column":34}},{"start":{"line":159,"column":38},"end":{"line":159,"column":64}}]},"6":{"loc":{"start":{"line":167,"column":2},"end":{"line":169,"column":3}},"type":"if","locations":[{"start":{"line":167,"column":2},"end":{"line":169,"column":3}},{"start":{},"end":{}}]},"7":{"loc":{"start":{"line":167,"column":6},"end":{"line":167,"column":59}},"type":"binary-expr","locations":[{"start":{"line":167,"column":6},"end":{"line":167,"column":31}},{"start":{"line":167,"column":35},"end":{"line":167,"column":59}}]},"8":{"loc":{"start":{"line":174,"column":9},"end":{"line":174,"column":64}},"type":"binary-expr","locations":[{"start":{"line":174,"column":9},"end":{"line":174,"column":34}},{"start":{"line":174,"column":38},"end":{"line":174,"column":64}}]},"9":{"loc":{"start":{"line":182,"column":2},"end":{"line":184,"column":3}},"type":"if","locations":[{"start":{"line":182,"column":2},"end":{"line":184,"column":3}},{"start":{},"end":{}}]},"10":{"loc":{"start":{"line":182,"column":6},"end":{"line":182,"column":59}},"type":"binary-expr","locations":[{"start":{"line":182,"column":6},"end":{"line":182,"column":31}},{"start":{"line":182,"column":35},"end":{"line":182,"column":59}}]},"11":{"loc":{"start":{"line":187,"column":2},"end":{"line":203,"column":3}},"type":"if","locations":[{"start":{"line":187,"column":2},"end":{"line":203,"column":3}},{"start":{"line":189,"column":9},"end":{"line":203,"column":3}}]},"12":{"loc":{"start":{"line":189,"column":9},"end":{"line":203,"column":3}},"type":"if","locations":[{"start":{"line":189,"column":9},"end":{"line":203,"column":3}},{"start":{"line":195,"column":9},"end":{"line":203,"column":3}}]},"13":{"loc":{"start":{"line":190,"column":4},"end":{"line":194,"column":5}},"type":"if","locations":[{"start":{"line":190,"column":4},"end":{"line":194,"column":5}},{"start":{"line":192,"column":11},"end":{"line":194,"column":5}}]},"14":{"loc":{"start":{"line":192,"column":11},"end":{"line":194,"column":5}},"type":"if","locations":[{"start":{"line":192,"column":11},"end":{"line":194,"column":5}},{"start":{},"end":{}}]},"15":{"loc":{"start":{"line":195,"column":9},"end":{"line":203,"column":3}},"type":"if","locations":[{"start":{"line":195,"column":9},"end":{"line":203,"column":3}},{"start":{"line":201,"column":9},"end":{"line":203,"column":3}}]},"16":{"loc":{"start":{"line":196,"column":4},"end":{"line":200,"column":5}},"type":"if","locations":[{"start":{"line":196,"column":4},"end":{"line":200,"column":5}},{"start":{"line":198,"column":11},"end":{"line":200,"column":5}}]},"17":{"loc":{"start":{"line":198,"column":11},"end":{"line":200,"column":5}},"type":"if","locations":[{"start":{"line":198,"column":11},"end":{"line":200,"column":5}},{"start":{},"end":{}}]},"18":{"loc":{"start":{"line":201,"column":9},"end":{"line":203,"column":3}},"type":"if","locations":[{"start":{"line":201,"column":9},"end":{"line":203,"column":3}},{"start":{},"end":{}}]},"19":{"loc":{"start":{"line":201,"column":13},"end":{"line":201,"column":46}},"type":"binary-expr","locations":[{"start":{"line":201,"column":13},"end":{"line":201,"column":30}},{"start":{"line":201,"column":34},"end":{"line":201,"column":46}}]},"20":{"loc":{"start":{"line":226,"column":4},"end":{"line":228,"column":5}},"type":"if","locations":[{"start":{"line":226,"column":4},"end":{"line":228,"column":5}},{"start":{},"end":{}}]},"21":{"loc":{"start":{"line":247,"column":6},"end":{"line":248,"column":null}},"type":"if","locations":[{"start":{"line":247,"column":6},"end":{"line":248,"column":null}},{"start":{"line":248,"column":11},"end":{"line":248,"column":null}}]},"22":{"loc":{"start":{"line":248,"column":11},"end":{"line":248,"column":null}},"type":"if","locations":[{"start":{"line":248,"column":11},"end":{"line":248,"column":null}},{"start":{},"end":{}}]},"23":{"loc":{"start":{"line":263,"column":2},"end":{"line":273,"column":3}},"type":"if","locations":[{"start":{"line":263,"column":2},"end":{"line":273,"column":3}},{"start":{},"end":{}}]},"24":{"loc":{"start":{"line":265,"column":4},"end":{"line":272,"column":5}},"type":"if","locations":[{"start":{"line":265,"column":4},"end":{"line":272,"column":5}},{"start":{},"end":{}}]},"25":{"loc":{"start":{"line":276,"column":2},"end":{"line":278,"column":3}},"type":"if","locations":[{"start":{"line":276,"column":2},"end":{"line":278,"column":3}},{"start":{},"end":{}}]},"26":{"loc":{"start":{"line":288,"column":2},"end":{"line":288,"column":29}},"type":"default-arg","locations":[{"start":{"line":288,"column":24},"end":{"line":288,"column":29}}]},"27":{"loc":{"start":{"line":289,"column":2},"end":{"line":289,"column":51}},"type":"default-arg","locations":[{"start":{"line":289,"column":43},"end":{"line":289,"column":51}}]},"28":{"loc":{"start":{"line":309,"column":51},"end":{"line":309,"column":68}},"type":"default-arg","locations":[{"start":{"line":309,"column":67},"end":{"line":309,"column":68}}]},"29":{"loc":{"start":{"line":314,"column":2},"end":{"line":317,"column":3}},"type":"if","locations":[{"start":{"line":314,"column":2},"end":{"line":317,"column":3}},{"start":{},"end":{}}]},"30":{"loc":{"start":{"line":314,"column":6},"end":{"line":314,"column":56}},"type":"binary-expr","locations":[{"start":{"line":314,"column":6},"end":{"line":314,"column":29}},{"start":{"line":314,"column":33},"end":{"line":314,"column":56}}]},"31":{"loc":{"start":{"line":322,"column":6},"end":{"line":336,"column":7}},"type":"if","locations":[{"start":{"line":322,"column":6},"end":{"line":336,"column":7}},{"start":{},"end":{}}]},"32":{"loc":{"start":{"line":328,"column":12},"end":{"line":333,"column":13}},"type":"if","locations":[{"start":{"line":328,"column":12},"end":{"line":333,"column":13}},{"start":{},"end":{}}]},"33":{"loc":{"start":{"line":329,"column":14},"end":{"line":330,"column":44}},"type":"binary-expr","locations":[{"start":{"line":329,"column":14},"end":{"line":329,"column":45}},{"start":{"line":330,"column":14},"end":{"line":330,"column":44}}]}},"s":{"0":2,"1":2,"2":2,"3":2,"4":2,"5":2,"6":2,"7":2,"8":2,"9":2,"10":2,"11":2,"12":2,"13":2,"14":2,"15":108,"16":1620,"17":224846,"18":50,"19":14311,"20":214665,"21":14311,"22":14311,"23":25060,"24":25060,"25":25060,"26":25060,"27":25060,"28":25060,"29":1077,"30":1077,"31":1077,"32":1077,"33":25060,"34":25060,"35":25060,"36":1026,"37":1026,"38":1026,"39":1026,"40":25060,"41":6330,"42":25060,"43":25060,"44":115,"45":6215,"46":7,"47":7,"48":49,"49":49,"50":672,"51":5,"52":2,"53":24163,"54":24163,"55":24163,"56":24163,"57":24163,"58":24163,"59":24163,"60":25087,"61":25087,"62":25087,"63":25087,"64":24163,"65":23308,"66":24163,"67":24163,"68":24163,"69":977,"70":977,"71":977,"72":977,"73":24163,"74":23225,"75":24163,"76":74,"77":24089,"78":18,"79":10,"80":8,"81":8,"82":24071,"83":21,"84":16,"85":5,"86":2,"87":24050,"88":1457,"89":22596,"90":6039,"91":6039,"92":6039,"93":24156,"94":24156,"95":1561,"96":6039,"97":228,"98":228,"99":228,"100":228,"101":3420,"102":3420,"103":51300,"104":51300,"105":963,"106":50337,"107":750,"108":228,"109":5,"110":3,"111":3,"112":2,"113":3,"114":1,"115":2,"116":10,"117":10,"118":225,"119":225,"120":225,"121":29,"122":29,"123":196,"124":196,"125":2940,"126":2940,"127":44100,"128":1483,"129":1483,"130":8481,"131":8481,"132":49875,"133":49875,"134":49875,"135":10175,"136":196,"137":7371,"138":7371},"f":{"0":108,"1":1620,"2":224846,"3":50,"4":14311,"5":214665,"6":25060,"7":6330,"8":7,"9":24163,"10":6039,"11":228,"12":5,"13":10,"14":225,"15":7371},"b":{"0":[224846,222597,220575,218642],"1":[26137,26060],"2":[26086,25953],"3":[115,24945],"4":[5,667],"5":[49250,49180],"6":[23308,855],"7":[24163,24093],"8":[25140,25014],"9":[23225,938],"10":[24163,24037],"11":[74,24089],"12":[18,24071],"13":[10,8],"14":[8,0],"15":[21,24050],"16":[16,5],"17":[2,3],"18":[1457,22593],"19":[24050,1462],"20":[1561,22595],"21":[963,50337],"22":[750,49587],"23":[3,2],"24":[2,1],"25":[1,2],"26":[5],"27":[7],"28":[3],"29":[29,196],"30":[225,45],"31":[1483,42617],"32":[10175,39700],"33":[49875,42442]}}
,"/mnt/d/Projects/MyGame/gomoku/src/lib/utils.ts": {"path":"/mnt/d/Projects/MyGame/gomoku/src/lib/utils.ts","statementMap":{"0":{"start":{"line":4,"column":0},"end":{"line":4,"column":16}},"1":{"start":{"line":1,"column":0},"end":{"line":1,"column":44}},"2":{"start":{"line":2,"column":0},"end":{"line":2,"column":40}},"3":{"start":{"line":5,"column":2},"end":{"line":5,"column":null}}},"fnMap":{"0":{"name":"cn","decl":{"start":{"line":4,"column":16},"end":{"line":4,"column":18}},"loc":{"start":{"line":4,"column":42},"end":{"line":6,"column":1}}}},"branchMap":{},"s":{"0":0,"1":0,"2":0,"3":0},"f":{"0":0},"b":{}}
,"/mnt/d/Projects/MyGame/gomoku/src/pages/GomokuGame.tsx": {"path":"/mnt/d/Projects/MyGame/gomoku/src/pages/GomokuGame.tsx","statementMap":{"0":{"start":{"line":16,"column":0},"end":{"line":16,"column":16}},"1":{"start":{"line":6,"column":0},"end":{"line":6,"column":64}},"2":{"start":{"line":7,"column":0},"end":{"line":7,"column":42}},"3":{"start":{"line":8,"column":0},"end":{"line":8,"column":56}},"4":{"start":{"line":9,"column":0},"end":{"line":9,"column":58}},"5":{"start":{"line":10,"column":0},"end":{"line":10,"column":66}},"6":{"start":{"line":11,"column":0},"end":{"line":11,"column":53}},"7":{"start":{"line":12,"column":0},"end":{"line":12,"column":55}},"8":{"start":{"line":13,"column":0},"end":{"line":13,"column":51}},"9":{"start":{"line":14,"column":0},"end":{"line":14,"column":69}},"10":{"start":{"line":25,"column":6},"end":{"line":25,"column":21}},"11":{"start":{"line":27,"column":41},"end":{"line":27,"column":84}},"12":{"start":{"line":28,"column":85},"end":{"line":28,"column":101}},"13":{"start":{"line":29,"column":63},"end":{"line":29,"column":77}},"14":{"start":{"line":31,"column":52},"end":{"line":31,"column":67}},"15":{"start":{"line":32,"column":48},"end":{"line":32,"column":63}},"16":{"start":{"line":33,"column":24},"end":{"line":33,"column":48}},"17":{"start":{"line":38,"column":2},"end":{"line":76,"column":null}},"18":{"start":{"line":39,"column":23},"end":{"line":39,"column":44}},"19":{"start":{"line":41,"column":4},"end":{"line":63,"column":5}},"20":{"start":{"line":42,"column":25},"end":{"line":42,"column":53}},"21":{"start":{"line":44,"column":6},"end":{"line":57,"column":7}},"22":{"start":{"line":45,"column":8},"end":{"line":53,"column":9}},"23":{"start":{"line":47,"column":10},"end":{"line":47,"column":null}},"24":{"start":{"line":48,"column":10},"end":{"line":48,"column":null}},"25":{"start":{"line":49,"column":15},"end":{"line":53,"column":9}},"26":{"start":{"line":51,"column":10},"end":{"line":51,"column":null}},"27":{"start":{"line":52,"column":10},"end":{"line":52,"column":null}},"28":{"start":{"line":54,"column":13},"end":{"line":57,"column":7}},"29":{"start":{"line":55,"column":8},"end":{"line":55,"column":null}},"30":{"start":{"line":56,"column":8},"end":{"line":56,"column":null}},"31":{"start":{"line":60,"column":6},"end":{"line":62,"column":null}},"32":{"start":{"line":61,"column":8},"end":{"line":61,"column":null}},"33":{"start":{"line":65,"column":4},"end":{"line":65,"column":null}},"34":{"start":{"line":79,"column":2},"end":{"line":83,"column":null}},"35":{"start":{"line":80,"column":4},"end":{"line":82,"column":5}},"36":{"start":{"line":81,"column":6},"end":{"line":81,"column":null}},"37":{"start":{"line":85,"column":24},"end":{"line":88,"column":20}},"38":{"start":{"line":86,"column":4},"end":{"line":86,"column":null}},"39":{"start":{"line":87,"column":4},"end":{"line":87,"column":null}},"40":{"start":{"line":90,"column":33},"end":{"line":95,"column":null}},"41":{"start":{"line":92,"column":6},"end":{"line":92,"column":null}},"42":{"start":{"line":93,"column":6},"end":{"line":93,"column":null}},"43":{"start":{"line":98,"column":2},"end":{"line":225,"column":null}},"44":{"start":{"line":195,"column":35},"end":{"line":195,"column":59}},"45":{"start":{"line":207,"column":25},"end":{"line":207,"column":52}},"46":{"start":{"line":218,"column":25},"end":{"line":218,"column":50}}},"fnMap":{"0":{"name":"GomokuGame","decl":{"start":{"line":16,"column":16},"end":{"line":16,"column":26}},"loc":{"start":{"line":16,"column":26},"end":{"line":226,"column":1}}},"1":{"name":"(anonymous_1)","decl":{"start":{"line":38,"column":12},"end":{"line":38,"column":15}},"loc":{"start":{"line":38,"column":17},"end":{"line":66,"column":3}}},"2":{"name":"(anonymous_2)","decl":{"start":{"line":60,"column":21},"end":{"line":60,"column":24}},"loc":{"start":{"line":60,"column":26},"end":{"line":62,"column":7}}},"3":{"name":"(anonymous_3)","decl":{"start":{"line":79,"column":12},"end":{"line":79,"column":15}},"loc":{"start":{"line":79,"column":17},"end":{"line":83,"column":3}}},"4":{"name":"(anonymous_4)","decl":{"start":{"line":85,"column":36},"end":{"line":85,"column":39}},"loc":{"start":{"line":85,"column":41},"end":{"line":88,"column":3}}},"5":{"name":"(anonymous_5)","decl":{"start":{"line":91,"column":4},"end":{"line":91,"column":5}},"loc":{"start":{"line":91,"column":47},"end":{"line":94,"column":5}}},"6":{"name":"(anonymous_6)","decl":{"start":{"line":195,"column":29},"end":{"line":195,"column":32}},"loc":{"start":{"line":195,"column":35},"end":{"line":195,"column":59}}},"7":{"name":"(anonymous_7)","decl":{"start":{"line":207,"column":19},"end":{"line":207,"column":22}},"loc":{"start":{"line":207,"column":25},"end":{"line":207,"column":52}}},"8":{"name":"(anonymous_8)","decl":{"start":{"line":218,"column":19},"end":{"line":218,"column":22}},"loc":{"start":{"line":218,"column":25},"end":{"line":218,"column":50}}}},"branchMap":{"0":{"loc":{"start":{"line":41,"column":4},"end":{"line":63,"column":5}},"type":"if","locations":[{"start":{"line":41,"column":4},"end":{"line":63,"column":5}},{"start":{},"end":{}}]},"1":{"loc":{"start":{"line":41,"column":8},"end":{"line":41,"column":66}},"type":"binary-expr","locations":[{"start":{"line":41,"column":8},"end":{"line":41,"column":32}},{"start":{"line":41,"column":36},"end":{"line":41,"column":66}}]},"2":{"loc":{"start":{"line":44,"column":6},"end":{"line":57,"column":7}},"type":"if","locations":[{"start":{"line":44,"column":6},"end":{"line":57,"column":7}},{"start":{"line":54,"column":13},"end":{"line":57,"column":7}}]},"3":{"loc":{"start":{"line":45,"column":8},"end":{"line":53,"column":9}},"type":"if","locations":[{"start":{"line":45,"column":8},"end":{"line":53,"column":9}},{"start":{"line":49,"column":15},"end":{"line":53,"column":9}}]},"4":{"loc":{"start":{"line":49,"column":15},"end":{"line":53,"column":9}},"type":"if","locations":[{"start":{"line":49,"column":15},"end":{"line":53,"column":9}},{"start":{},"end":{}}]},"5":{"loc":{"start":{"line":54,"column":13},"end":{"line":57,"column":7}},"type":"if","locations":[{"start":{"line":54,"column":13},"end":{"line":57,"column":7}},{"start":{},"end":{}}]},"6":{"loc":{"start":{"line":80,"column":4},"end":{"line":82,"column":5}},"type":"if","locations":[{"start":{"line":80,"column":4},"end":{"line":82,"column":5}},{"start":{},"end":{}}]},"7":{"loc":{"start":{"line":156,"column":11},"end":{"line":156,"column":103}},"type":"cond-expr","locations":[{"start":{"line":156,"column":43},"end":{"line":156,"column":64}},{"start":{"line":156,"column":67},"end":{"line":156,"column":103}}]},"8":{"loc":{"start":{"line":167,"column":9},"end":{"line":175,"column":41}},"type":"cond-expr","locations":[{"start":{"line":168,"column":12},"end":{"line":170,"column":72}},{"start":{"line":171,"column":12},"end":{"line":175,"column":41}}]},"9":{"loc":{"start":{"line":168,"column":12},"end":{"line":170,"column":72}},"type":"cond-expr","locations":[{"start":{"line":169,"column":14},"end":{"line":169,"column":56}},{"start":{"line":170,"column":14},"end":{"line":170,"column":72}}]},"10":{"loc":{"start":{"line":171,"column":12},"end":{"line":175,"column":41}},"type":"cond-expr","locations":[{"start":{"line":172,"column":14},"end":{"line":174,"column":49}},{"start":{"line":175,"column":14},"end":{"line":175,"column":41}}]},"11":{"loc":{"start":{"line":172,"column":14},"end":{"line":174,"column":49}},"type":"cond-expr","locations":[{"start":{"line":173,"column":16},"end":{"line":173,"column":52}},{"start":{"line":174,"column":16},"end":{"line":174,"column":49}}]},"12":{"loc":{"start":{"line":185,"column":18},"end":{"line":185,"column":63}},"type":"binary-expr","locations":[{"start":{"line":185,"column":18},"end":{"line":185,"column":29}},{"start":{"line":185,"column":33},"end":{"line":185,"column":63}}]},"13":{"loc":{"start":{"line":201,"column":7},"end":{"line":210,"column":null}},"type":"binary-expr","locations":[{"start":{"line":201,"column":7},"end":{"line":201,"column":24}},{"start":{"line":202,"column":8},"end":{"line":209,"column":null}}]},"14":{"loc":{"start":{"line":214,"column":7},"end":{"line":222,"column":null}},"type":"binary-expr","locations":[{"start":{"line":214,"column":7},"end":{"line":214,"column":22}},{"start":{"line":215,"column":8},"end":{"line":221,"column":null}}]}},"s":{"0":0,"1":0,"2":0,"3":0,"4":0,"5":0,"6":0,"7":0,"8":0,"9":0,"10":0,"11":0,"12":0,"13":0,"14":0,"15":0,"16":0,"17":0,"18":0,"19":0,"20":0,"21":0,"22":0,"23":0,"24":0,"25":0,"26":0,"27":0,"28":0,"29":0,"30":0,"31":0,"32":0,"33":0,"34":0,"35":0,"36":0,"37":0,"38":0,"39":0,"40":0,"41":0,"42":0,"43":0,"44":0,"45":0,"46":0},"f":{"0":0,"1":0,"2":0,"3":0,"4":0,"5":0,"6":0,"7":0,"8":0},"b":{"0":[0,0],"1":[0,0],"2":[0,0],"3":[0,0],"4":[0,0],"5":[0,0],"6":[0,0],"7":[0,0],"8":[0,0],"9":[0,0],"10":[0,0],"11":[0,0],"12":[0,0],"13":[0,0],"14":[0,0]}}
,"/mnt/d/Projects/MyGame/gomoku/src/types/gomoku.types.ts": {"path":"/mnt/d/Projects/MyGame/gomoku/src/types/gomoku.types.ts","statementMap":{"0":{"start":{"line":12,"column":13},"end":{"line":12,"column":null}},"1":{"start":{"line":69,"column":13},"end":{"line":78,"column":null}}},"fnMap":{},"branchMap":{},"s":{"0":2,"1":2},"f":{},"b":{}}
}
