TN:
SF:src/App.tsx
FN:9,ErrorFallback
FN:23,(anonymous_1)
FN:33,App
FNF:3
FNH:0
FNDA:0,ErrorFallback
FNDA:0,(anonymous_1)
FNDA:0,App
DA:6,0
DA:7,0
DA:10,0
DA:11,0
DA:23,0
DA:33,0
DA:34,0
LF:7
LH:0
BRDA:10,0,0,0
BRDA:10,0,1,0
BRF:2
BRH:0
end_of_record
TN:
SF:src/components/Board.tsx
FN:30,Board
FN:39,(anonymous_1)
FN:43,(anonymous_2)
FN:46,(anonymous_3)
FN:48,(anonymous_4)
FN:52,(anonymous_5)
FN:53,(anonymous_6)
FN:62,(anonymous_7)
FN:79,(anonymous_8)
FN:81,(anonymous_9)
FN:87,(anonymous_10)
FN:107,(anonymous_11)
FN:115,(anonymous_12)
FNF:13
FNH:0
FNDA:0,Board
FNDA:0,(anonymous_1)
FNDA:0,(anonymous_2)
FNDA:0,(anonymous_3)
FNDA:0,(anonymous_4)
FNDA:0,(anonymous_5)
FNDA:0,(anonymous_6)
FNDA:0,(anonymous_7)
FNDA:0,(anonymous_8)
FNDA:0,(anonymous_9)
FNDA:0,(anonymous_10)
FNDA:0,(anonymous_11)
FNDA:0,(anonymous_12)
DA:7,0
DA:9,0
DA:10,0
DA:24,0
DA:30,0
DA:39,0
DA:40,0
DA:43,0
DA:46,0
DA:47,0
DA:48,0
DA:52,0
DA:53,0
DA:56,0
DA:63,0
DA:80,0
DA:82,0
DA:108,0
DA:116,0
LF:19
LH:0
BRDA:36,0,0,0
BRDA:37,1,0,0
BRDA:47,2,0,0
BRDA:47,2,1,0
BRDA:48,3,0,0
BRDA:48,3,1,0
BRDA:53,4,0,0
BRDA:53,4,1,0
BRDA:87,5,0,0
BRDA:87,5,1,0
BRDA:88,6,0,0
BRDA:88,6,1,0
BRDA:89,7,0,0
BRDA:89,7,1,0
BRF:14
BRH:0
end_of_record
TN:
SF:src/components/Cell.tsx
FN:28,Cell
FN:45,(anonymous_1)
FN:51,(anonymous_2)
FN:54,(anonymous_3)
FN:59,(anonymous_4)
FN:66,(anonymous_5)
FN:76,(anonymous_6)
FN:105,(anonymous_7)
FNF:8
FNH:0
FNDA:0,Cell
FNDA:0,(anonymous_1)
FNDA:0,(anonymous_2)
FNDA:0,(anonymous_3)
FNDA:0,(anonymous_4)
FNDA:0,(anonymous_5)
FNDA:0,(anonymous_6)
FNDA:0,(anonymous_7)
DA:7,0
DA:10,0
DA:13,0
DA:28,0
DA:40,0
DA:41,0
DA:45,0
DA:46,0
DA:47,0
DA:50,0
DA:51,0
DA:52,0
DA:54,0
DA:58,0
DA:59,0
DA:60,0
DA:64,0
DA:66,0
DA:67,0
DA:68,0
DA:74,0
DA:76,0
DA:77,0
DA:78,0
DA:83,0
DA:84,0
DA:85,0
DA:86,0
DA:87,0
DA:91,0
DA:92,0
DA:93,0
DA:94,0
DA:96,0
DA:106,0
DA:107,0
DA:108,0
LF:37
LH:0
BRDA:35,0,0,0
BRDA:36,1,0,0
BRDA:37,2,0,0
BRDA:38,3,0,0
BRDA:50,4,0,0
BRDA:50,4,1,0
BRDA:50,5,0,0
BRDA:50,5,1,0
BRDA:58,6,0,0
BRDA:58,6,1,0
BRDA:58,7,0,0
BRDA:58,7,1,0
BRDA:67,8,0,0
BRDA:67,8,1,0
BRDA:77,9,0,0
BRDA:77,9,1,0
BRDA:77,10,0,0
BRDA:77,10,1,0
BRDA:86,11,0,0
BRDA:86,11,1,0
BRDA:86,12,0,0
BRDA:86,12,1,0
BRDA:87,13,0,0
BRDA:87,13,1,0
BRDA:87,14,0,0
BRDA:87,14,1,0
BRDA:101,15,0,0
BRDA:101,15,1,0
BRDA:101,16,0,0
BRDA:101,16,1,0
BRDA:106,17,0,0
BRDA:106,17,1,0
BRDA:106,18,0,0
BRDA:106,18,1,0
BRDA:112,19,0,0
BRDA:112,19,1,0
BRDA:112,20,0,0
BRDA:112,20,1,0
BRDA:126,21,0,0
BRDA:126,21,1,0
BRDA:127,22,0,0
BRDA:127,22,1,0
BRDA:137,23,0,0
BRDA:137,23,1,0
BRDA:138,24,0,0
BRDA:138,24,1,0
BRDA:145,25,0,0
BRDA:145,25,1,0
BRDA:145,25,2,0
BRDA:159,26,0,0
BRDA:159,26,1,0
BRDA:159,26,2,0
BRDA:165,27,0,0
BRDA:165,27,1,0
BRDA:172,28,0,0
BRDA:172,28,1,0
BRDA:172,28,2,0
BRDA:178,29,0,0
BRDA:178,29,1,0
BRDA:179,30,0,0
BRDA:179,30,1,0
BRDA:180,31,0,0
BRDA:180,31,1,0
BRDA:180,32,0,0
BRDA:180,32,1,0
BRDA:181,33,0,0
BRDA:181,33,1,0
BRDA:181,34,0,0
BRDA:181,34,1,0
BRDA:185,35,0,0
BRDA:185,35,1,0
BRDA:185,35,2,0
BRDA:190,36,0,0
BRDA:190,36,1,0
BRF:74
BRH:0
end_of_record
TN:
SF:src/components/GameControls.tsx
FN:20,GameControls
FN:40,(anonymous_1)
FNF:2
FNH:0
FNDA:0,GameControls
FNDA:0,(anonymous_1)
DA:6,0
DA:7,0
DA:20,0
DA:29,0
DA:40,0
LF:5
LH:0
BRDA:26,0,0,0
BRDA:33,1,0,0
BRDA:33,1,1,0
BRDA:62,2,0,0
BRDA:62,2,1,0
BRF:5
BRH:0
end_of_record
TN:
SF:src/components/LeaderboardDialog.tsx
FN:28,LeaderboardDialog
FN:42,(anonymous_1)
FN:47,(anonymous_2)
FN:64,(anonymous_3)
FN:75,(anonymous_4)
FN:139,(anonymous_5)
FN:151,(anonymous_6)
FN:169,StatRow
FNF:8
FNH:0
FNDA:0,LeaderboardDialog
FNDA:0,(anonymous_1)
FNDA:0,(anonymous_2)
FNDA:0,(anonymous_3)
FNDA:0,(anonymous_4)
FNDA:0,(anonymous_5)
FNDA:0,(anonymous_6)
FNDA:0,StatRow
DA:6,0
DA:7,0
DA:15,0
DA:16,0
DA:28,0
DA:36,0
DA:37,0
DA:38,0
DA:40,0
DA:42,0
DA:43,0
DA:44,0
DA:47,0
DA:48,0
DA:49,0
DA:52,0
DA:64,0
DA:75,0
DA:139,0
DA:151,0
DA:178,0
LF:21
LH:0
BRDA:34,0,0,0
BRDA:40,1,0,0
BRDA:40,1,1,0
BRDA:60,2,0,0
BRDA:60,2,1,0
BRDA:102,3,0,0
BRDA:102,3,1,0
BRDA:114,4,0,0
BRDA:114,4,1,0
BRDA:123,5,0,0
BRDA:123,5,1,0
BRDA:183,6,0,0
BRDA:183,6,1,0
BRDA:185,7,0,0
BRDA:185,7,1,0
BRF:15
BRH:0
end_of_record
TN:
SF:src/components/VictoryDialog.tsx
FN:30,VictoryDialog
FN:46,(anonymous_1)
FN:67,(anonymous_2)
FN:93,(anonymous_3)
FN:103,(anonymous_4)
FN:113,(anonymous_5)
FNF:6
FNH:0
FNDA:0,VictoryDialog
FNDA:0,(anonymous_1)
FNDA:0,(anonymous_2)
FNDA:0,(anonymous_3)
FNDA:0,(anonymous_4)
FNDA:0,(anonymous_5)
DA:7,0
DA:8,0
DA:16,0
DA:30,0
DA:39,0
DA:40,0
DA:41,0
DA:46,0
DA:47,0
DA:49,0
DA:50,0
DA:57,0
DA:58,0
DA:60,0
DA:61,0
DA:64,0
DA:65,0
DA:67,0
DA:68,0
DA:73,0
DA:95,0
DA:105,0
DA:115,0
LF:23
LH:0
BRDA:47,0,0,0
BRDA:47,0,1,0
BRDA:49,1,0,0
BRDA:49,1,1,0
BRDA:58,2,0,0
BRDA:58,2,1,0
BRDA:78,3,0,0
BRDA:78,3,1,0
BRDA:78,4,0,0
BRDA:78,4,1,0
BRDA:88,5,0,0
BRDA:88,5,1,0
BRDA:98,6,0,0
BRDA:98,6,1,0
BRDA:123,7,0,0
BRDA:123,7,1,0
BRDA:131,8,0,0
BRDA:131,8,1,0
BRDA:155,9,0,0
BRDA:155,9,1,0
BRDA:164,10,0,0
BRDA:164,10,1,0
BRDA:168,11,0,0
BRDA:168,11,1,0
BRF:24
BRH:0
end_of_record
TN:
SF:src/components/ui/button.tsx
FN:40,(anonymous_9)
FNF:1
FNH:0
FNDA:0,(anonymous_9)
DA:1,0
DA:2,0
DA:3,0
DA:5,0
DA:7,0
DA:39,0
DA:41,0
DA:42,0
DA:47,0
DA:49,0
LF:10
LH:0
BRDA:40,0,0,0
BRDA:41,1,0,0
BRDA:41,1,1,0
BRF:3
BRH:0
end_of_record
TN:
SF:src/components/ui/dialog.tsx
FN:18,(anonymous_9)
FN:33,(anonymous_10)
FN:54,(anonymous_11)
FN:59,(anonymous_12)
FN:70,(anonymous_13)
FN:82,(anonymous_14)
FNF:6
FNH:0
FNDA:0,(anonymous_9)
FNDA:0,(anonymous_10)
FNDA:0,(anonymous_11)
FNDA:0,(anonymous_12)
FNDA:0,(anonymous_13)
FNDA:0,(anonymous_14)
DA:1,0
DA:2,0
DA:3,0
DA:5,0
DA:7,0
DA:9,0
DA:11,0
DA:13,0
DA:15,0
DA:19,0
DA:28,0
DA:30,0
DA:34,0
DA:52,0
DA:54,0
DA:55,0
DA:57,0
DA:59,0
DA:60,0
DA:65,0
DA:67,0
DA:71,0
DA:77,0
DA:79,0
DA:83,0
DA:89,0
DA:92,0
DA:93,0
DA:94,0
DA:95,0
DA:96,0
DA:97,0
DA:98,0
DA:99,0
DA:100,0
DA:101,0
LF:36
LH:0
BRF:0
BRH:0
end_of_record
TN:
SF:src/components/ui/input.tsx
FN:8,(anonymous_9)
FNF:1
FNH:0
FNDA:0,(anonymous_9)
DA:1,0
DA:3,0
DA:7,0
DA:9,0
DA:22,0
DA:24,0
LF:6
LH:0
BRF:0
BRH:0
end_of_record
TN:
SF:src/components/ui/select.tsx
FN:16,(anonymous_9)
FN:36,(anonymous_10)
FN:50,(anonymous_11)
FN:64,(anonymous_12)
FN:96,(anonymous_13)
FN:108,(anonymous_14)
FN:131,(anonymous_15)
FNF:7
FNH:0
FNDA:0,(anonymous_9)
FNDA:0,(anonymous_10)
FNDA:0,(anonymous_11)
FNDA:0,(anonymous_12)
FNDA:0,(anonymous_13)
FNDA:0,(anonymous_14)
FNDA:0,(anonymous_15)
DA:1,0
DA:2,0
DA:3,0
DA:5,0
DA:7,0
DA:9,0
DA:11,0
DA:13,0
DA:17,0
DA:31,0
DA:33,0
DA:37,0
DA:45,0
DA:47,0
DA:51,0
DA:59,0
DA:61,0
DA:65,0
DA:91,0
DA:93,0
DA:97,0
DA:103,0
DA:105,0
DA:109,0
DA:126,0
DA:128,0
DA:132,0
DA:138,0
DA:141,0
DA:142,0
DA:143,0
DA:144,0
DA:145,0
DA:146,0
DA:147,0
DA:148,0
DA:149,0
DA:150,0
LF:38
LH:0
BRDA:64,0,0,0
BRDA:70,1,0,0
BRDA:70,1,1,0
BRDA:81,2,0,0
BRDA:81,2,1,0
BRF:5
BRH:0
end_of_record
TN:
SF:src/constants/gameConstants.ts
FNF:0
FNH:0
DA:11,2
DA:14,2
DA:17,2
DA:20,2
DA:23,2
DA:26,2
DA:33,2
DA:36,2
DA:39,2
DA:42,2
DA:45,2
DA:48,2
DA:55,2
DA:58,2
DA:61,2
DA:64,2
DA:67,2
DA:70,2
DA:73,2
DA:80,2
DA:83,2
DA:86,2
DA:89,2
DA:92,2
DA:99,2
DA:102,2
DA:109,2
DA:112,2
LF:28
LH:28
BRF:0
BRH:0
end_of_record
TN:
SF:src/hooks/useCharacterSelection.ts
FN:18,useCharacterSelection
FN:20,(anonymous_1)
FN:24,(anonymous_2)
FN:30,(anonymous_3)
FNF:4
FNH:0
FNDA:0,useCharacterSelection
FNDA:0,(anonymous_1)
FNDA:0,(anonymous_2)
FNDA:0,(anonymous_3)
DA:6,0
DA:7,0
DA:12,0
DA:18,0
DA:19,0
DA:20,0
DA:21,0
DA:24,0
DA:25,0
DA:26,0
DA:27,0
DA:30,0
DA:31,0
DA:32,0
DA:35,0
LF:15
LH:0
BRDA:18,0,0,0
BRF:1
BRH:0
end_of_record
TN:
SF:src/hooks/useGameAudio.ts
FN:18,useGameAudio
FN:19,(anonymous_1)
FN:26,(anonymous_2)
FN:38,(anonymous_3)
FN:46,(anonymous_4)
FN:47,(anonymous_5)
FN:55,(anonymous_6)
FN:84,(anonymous_7)
FN:109,(anonymous_8)
FN:117,(anonymous_9)
FN:138,(anonymous_10)
FN:165,(anonymous_11)
FN:172,(anonymous_12)
FN:193,(anonymous_13)
FNF:14
FNH:0
FNDA:0,useGameAudio
FNDA:0,(anonymous_1)
FNDA:0,(anonymous_2)
FNDA:0,(anonymous_3)
FNDA:0,(anonymous_4)
FNDA:0,(anonymous_5)
FNDA:0,(anonymous_6)
FNDA:0,(anonymous_7)
FNDA:0,(anonymous_8)
FNDA:0,(anonymous_9)
FNDA:0,(anonymous_10)
FNDA:0,(anonymous_11)
FNDA:0,(anonymous_12)
FNDA:0,(anonymous_13)
DA:7,0
DA:8,0
DA:18,0
DA:19,0
DA:20,0
DA:23,0
DA:26,0
DA:27,0
DA:28,0
DA:29,0
DA:30,0
DA:31,0
DA:38,0
DA:39,0
DA:40,0
DA:46,0
DA:47,0
DA:48,0
DA:49,0
DA:50,0
DA:55,0
DA:56,0
DA:58,0
DA:59,0
DA:62,0
DA:63,0
DA:65,0
DA:66,0
DA:69,0
DA:70,0
DA:71,0
DA:74,0
DA:75,0
DA:76,0
DA:78,0
DA:79,0
DA:80,0
DA:84,0
DA:85,0
DA:87,0
DA:88,0
DA:90,0
DA:91,0
DA:93,0
DA:94,0
DA:96,0
DA:97,0
DA:99,0
DA:100,0
DA:101,0
DA:103,0
DA:104,0
DA:105,0
DA:109,0
DA:110,0
DA:112,0
DA:113,0
DA:116,0
DA:117,0
DA:118,0
DA:119,0
DA:121,0
DA:122,0
DA:124,0
DA:125,0
DA:127,0
DA:128,0
DA:129,0
DA:131,0
DA:132,0
DA:133,0
DA:138,0
DA:139,0
DA:141,0
DA:142,0
DA:144,0
DA:145,0
DA:147,0
DA:148,0
DA:151,0
DA:152,0
DA:155,0
DA:156,0
DA:157,0
DA:159,0
DA:160,0
DA:161,0
DA:165,0
DA:166,0
DA:168,0
DA:169,0
DA:172,0
DA:173,0
DA:174,0
DA:176,0
DA:177,0
DA:179,0
DA:181,0
DA:182,0
DA:183,0
DA:185,0
DA:186,0
DA:187,0
DA:192,0
DA:194,0
DA:196,0
DA:197,0
DA:199,0
DA:200,0
DA:202,0
DA:203,0
DA:205,0
DA:206,0
DA:208,0
DA:209,0
DA:215,0
LF:116
LH:0
BRDA:27,0,0,0
BRDA:27,0,1,0
BRDA:27,1,0,0
BRDA:27,1,1,0
BRDA:29,2,0,0
BRDA:29,2,1,0
BRDA:30,3,0,0
BRDA:30,3,1,0
BRDA:39,4,0,0
BRDA:39,4,1,0
BRDA:56,5,0,0
BRDA:56,5,1,0
BRDA:56,6,0,0
BRDA:56,6,1,0
BRDA:85,7,0,0
BRDA:85,7,1,0
BRDA:85,8,0,0
BRDA:85,8,1,0
BRDA:110,9,0,0
BRDA:110,9,1,0
BRDA:110,10,0,0
BRDA:110,10,1,0
BRDA:139,11,0,0
BRDA:139,11,1,0
BRDA:139,12,0,0
BRDA:139,12,1,0
BRDA:166,13,0,0
BRDA:166,13,1,0
BRDA:166,14,0,0
BRDA:166,14,1,0
BRDA:194,15,0,0
BRDA:194,15,1,0
BRDA:194,15,2,0
BRDA:194,15,3,0
BRDA:194,15,4,0
BRF:35
BRH:0
end_of_record
TN:
SF:src/hooks/useGomokuGame.ts
FN:18,useGomokuGame
FN:19,(anonymous_1)
FN:30,(anonymous_2)
FN:31,(anonymous_3)
FN:42,(anonymous_4)
FN:52,(anonymous_5)
FN:60,(anonymous_6)
FN:61,(anonymous_7)
FN:103,(anonymous_8)
FN:122,(anonymous_9)
FN:143,(anonymous_10)
FN:144,(anonymous_11)
FN:183,(anonymous_12)
FN:192,(anonymous_13)
FN:193,(anonymous_14)
FN:203,(anonymous_15)
FN:217,(anonymous_16)
FN:219,(anonymous_17)
FNF:18
FNH:0
FNDA:0,useGomokuGame
FNDA:0,(anonymous_1)
FNDA:0,(anonymous_2)
FNDA:0,(anonymous_3)
FNDA:0,(anonymous_4)
FNDA:0,(anonymous_5)
FNDA:0,(anonymous_6)
FNDA:0,(anonymous_7)
FNDA:0,(anonymous_8)
FNDA:0,(anonymous_9)
FNDA:0,(anonymous_10)
FNDA:0,(anonymous_11)
FNDA:0,(anonymous_12)
FNDA:0,(anonymous_13)
FNDA:0,(anonymous_14)
FNDA:0,(anonymous_15)
FNDA:0,(anonymous_16)
FNDA:0,(anonymous_17)
DA:6,0
DA:8,0
DA:15,0
DA:16,0
DA:18,0
DA:19,0
DA:20,0
DA:22,0
DA:23,0
DA:25,0
DA:26,0
DA:27,0
DA:30,0
DA:31,0
DA:32,0
DA:33,0
DA:35,0
DA:36,0
DA:42,0
DA:43,0
DA:50,0
DA:52,0
DA:53,0
DA:54,0
DA:56,0
DA:57,0
DA:58,0
DA:60,0
DA:61,0
DA:62,0
DA:63,0
DA:64,0
DA:66,0
DA:71,0
DA:72,0
DA:74,0
DA:87,0
DA:90,0
DA:91,0
DA:96,0
DA:98,0
DA:103,0
DA:104,0
DA:105,0
DA:106,0
DA:121,0
DA:124,0
DA:129,0
DA:132,0
DA:135,0
DA:136,0
DA:140,0
DA:141,0
DA:143,0
DA:144,0
DA:145,0
DA:146,0
DA:147,0
DA:149,0
DA:154,0
DA:155,0
DA:157,0
DA:170,0
DA:173,0
DA:174,0
DA:183,0
DA:184,0
DA:185,0
DA:186,0
DA:192,0
DA:193,0
DA:202,0
DA:204,0
DA:216,0
DA:218,0
DA:219,0
DA:225,0
LF:77
LH:0
BRDA:18,0,0,0
BRDA:32,1,0,0
BRDA:32,1,1,0
BRDA:35,2,0,0
BRDA:35,2,1,0
BRDA:43,3,0,0
BRDA:43,3,1,0
BRDA:44,4,0,0
BRDA:44,4,1,0
BRDA:44,4,2,0
BRDA:44,4,3,0
BRDA:44,4,4,0
BRDA:56,5,0,0
BRDA:56,5,1,0
BRDA:72,6,0,0
BRDA:72,6,1,0
BRDA:78,7,0,0
BRDA:78,7,1,0
BRDA:78,8,0,0
BRDA:78,8,1,0
BRDA:104,9,0,0
BRDA:104,9,1,0
BRDA:124,10,0,0
BRDA:124,10,1,0
BRDA:125,11,0,0
BRDA:125,11,1,0
BRDA:125,11,2,0
BRDA:135,12,0,0
BRDA:135,12,1,0
BRDA:155,13,0,0
BRDA:155,13,1,0
BRDA:161,14,0,0
BRDA:161,14,1,0
BRDA:161,15,0,0
BRDA:161,15,1,0
BRDA:205,16,0,0
BRDA:205,16,1,0
BRDA:205,16,2,0
BRDA:219,17,0,0
BRDA:219,17,1,0
BRDA:219,18,0,0
BRDA:219,18,1,0
BRF:42
BRH:0
end_of_record
TN:
SF:src/hooks/useLeaderboard.ts
FN:16,isValidLeaderboard
FN:48,getInitialLeaderboard
FN:86,useLeaderboard
FN:89,(anonymous_3)
FN:98,(anonymous_4)
FN:99,(anonymous_5)
FN:118,(anonymous_6)
FN:119,(anonymous_7)
FN:128,(anonymous_8)
FN:129,(anonymous_9)
FN:138,(anonymous_10)
FN:139,(anonymous_11)
FN:145,(anonymous_12)
FNF:13
FNH:0
FNDA:0,isValidLeaderboard
FNDA:0,getInitialLeaderboard
FNDA:0,useLeaderboard
FNDA:0,(anonymous_3)
FNDA:0,(anonymous_4)
FNDA:0,(anonymous_5)
FNDA:0,(anonymous_6)
FNDA:0,(anonymous_7)
FNDA:0,(anonymous_8)
FNDA:0,(anonymous_9)
FNDA:0,(anonymous_10)
FNDA:0,(anonymous_11)
FNDA:0,(anonymous_12)
DA:6,0
DA:8,0
DA:10,0
DA:17,0
DA:18,0
DA:21,0
DA:23,0
DA:49,0
DA:50,0
DA:51,0
DA:52,0
DA:55,0
DA:56,0
DA:59,0
DA:64,0
DA:65,0
DA:71,0
DA:86,0
DA:87,0
DA:89,0
DA:90,0
DA:91,0
DA:98,0
DA:99,0
DA:100,0
DA:101,0
DA:102,0
DA:103,0
DA:105,0
DA:118,0
DA:119,0
DA:128,0
DA:129,0
DA:138,0
DA:139,0
DA:145,0
DA:146,0
DA:161,0
LF:38
LH:0
BRDA:17,0,0,0
BRDA:17,0,1,0
BRDA:17,1,0,0
BRDA:17,1,1,0
BRDA:24,2,0,0
BRDA:24,2,1,0
BRDA:24,2,2,0
BRDA:24,2,3,0
BRDA:24,2,4,0
BRDA:24,2,5,0
BRDA:24,2,6,0
BRDA:24,2,7,0
BRDA:24,2,8,0
BRDA:24,2,9,0
BRDA:24,2,10,0
BRDA:24,2,11,0
BRDA:24,2,12,0
BRDA:24,2,13,0
BRDA:24,2,14,0
BRDA:24,2,15,0
BRDA:24,2,16,0
BRDA:24,2,17,0
BRDA:24,2,18,0
BRDA:24,2,19,0
BRDA:24,2,20,0
BRDA:51,3,0,0
BRDA:51,3,1,0
BRDA:55,4,0,0
BRDA:55,4,1,0
BRDA:103,5,0,0
BRDA:103,5,1,0
BRDA:141,6,0,0
BRDA:141,6,1,0
BRF:33
BRH:0
end_of_record
TN:
SF:src/lib/aiStrategies.ts
FN:33,getEasyMove
FN:44,getMediumMove
FN:76,(anonymous_2)
FN:77,(anonymous_3)
FN:94,getHardMove
FN:117,(anonymous_5)
FN:118,(anonymous_6)
FN:131,(anonymous_7)
FN:132,(anonymous_8)
FN:133,(anonymous_9)
FN:140,(anonymous_10)
FN:141,(anonymous_11)
FN:156,(anonymous_12)
FN:176,getAIMove
FNF:14
FNH:14
FNDA:96,getEasyMove
FNDA:16,getMediumMove
FNDA:36,(anonymous_2)
FNDA:38,(anonymous_3)
FNDA:107,getHardMove
FNDA:345,(anonymous_5)
FNDA:1138,(anonymous_6)
FNDA:345,(anonymous_7)
FNDA:345,(anonymous_8)
FNDA:345,(anonymous_9)
FNDA:1138,(anonymous_10)
FNDA:1138,(anonymous_11)
FNDA:9824,(anonymous_12)
FNDA:219,getAIMove
DA:7,1
DA:13,1
DA:34,96
DA:35,96
DA:38,96
DA:45,16
DA:46,16
DA:48,16
DA:51,16
DA:52,353
DA:53,353
DA:54,353
DA:55,3
DA:60,13
DA:61,180
DA:62,180
DA:63,180
DA:64,5
DA:69,8
DA:70,8
DA:72,8
DA:73,140
DA:74,140
DA:76,140
DA:77,140
DA:80,140
DA:82,140
DA:83,15
DA:84,15
DA:88,8
DA:95,107
DA:96,107
DA:98,107
DA:101,107
DA:103,107
DA:104,2878
DA:105,2878
DA:108,2878
DA:109,2878
DA:110,2878
DA:113,2878
DA:114,2878
DA:115,2878
DA:117,2878
DA:118,2878
DA:125,2878
DA:127,2878
DA:128,2878
DA:131,2878
DA:132,2878
DA:133,2878
DA:135,2878
DA:136,2878
DA:137,2878
DA:140,2878
DA:141,2878
DA:143,2878
DA:144,2878
DA:146,2878
DA:156,9824
DA:159,107
DA:160,107
DA:161,107
DA:163,107
DA:164,148
DA:165,148
DA:166,104
DA:170,3
DA:176,1
DA:177,219
DA:179,96
DA:181,16
DA:183,107
DA:185,0
LF:74
LH:73
BRDA:35,0,0,0
BRDA:35,0,1,96
BRDA:45,1,0,1
BRDA:45,1,1,15
BRDA:48,2,0,0
BRDA:48,2,1,16
BRDA:54,3,0,3
BRDA:54,3,1,350
BRDA:63,4,0,5
BRDA:63,4,1,175
BRDA:82,5,0,15
BRDA:82,5,1,125
BRDA:95,6,0,0
BRDA:95,6,1,107
BRDA:98,7,0,0
BRDA:98,7,1,107
BRDA:127,8,0,23
BRDA:127,8,1,2855
BRDA:128,9,0,49
BRDA:128,9,1,2829
BRDA:165,10,0,104
BRDA:165,10,1,44
BRDA:170,11,0,3
BRDA:170,11,1,0
BRDA:177,12,0,96
BRDA:177,12,1,16
BRDA:177,12,2,107
BRDA:177,12,3,0
BRF:28
BRH:22
end_of_record
TN:
SF:src/lib/gomokuRules.ts
FN:40,createEmptyBoard
FN:43,(anonymous_1)
FN:49,isValidPosition
FN:56,isEmpty
FN:63,placeStone
FN:64,(anonymous_5)
FN:72,countConsecutive
FN:108,checkWin
FN:131,isBoardFull
FN:145,detectPattern
FN:211,evaluatePosition
FN:237,countPieces
FN:258,checkGameOver
FN:287,createInitialGameState
FN:309,getRelevantPositions
FN:340,(anonymous_15)
FNF:16
FNH:16
FNDA:108,createEmptyBoard
FNDA:1620,(anonymous_1)
FNDA:224846,isValidPosition
FNDA:50,isEmpty
FNDA:14311,placeStone
FNDA:214665,(anonymous_5)
FNDA:25060,countConsecutive
FNDA:6330,checkWin
FNDA:7,isBoardFull
FNDA:24163,detectPattern
FNDA:6039,evaluatePosition
FNDA:228,countPieces
FNDA:5,checkGameOver
FNDA:10,createInitialGameState
FNDA:225,getRelevantPositions
FNDA:7371,(anonymous_15)
DA:15,2
DA:16,2
DA:30,2
DA:40,2
DA:41,108
DA:43,1620
DA:49,2
DA:50,224846
DA:56,2
DA:57,50
DA:63,2
DA:64,214665
DA:65,14311
DA:66,14311
DA:78,25060
DA:79,25060
DA:80,25060
DA:83,25060
DA:84,25060
DA:85,25060
DA:86,1077
DA:87,1077
DA:88,1077
DA:89,1077
DA:93,25060
DA:94,25060
DA:95,25060
DA:96,1026
DA:97,1026
DA:98,1026
DA:99,1026
DA:102,25060
DA:108,2
DA:112,6330
DA:113,25060
DA:120,25060
DA:121,115
DA:125,6215
DA:131,2
DA:132,7
DA:133,49
DA:134,672
DA:135,5
DA:139,2
DA:145,2
DA:151,24163
DA:152,24163
DA:153,24163
DA:154,24163
DA:157,24163
DA:158,24163
DA:159,24163
DA:160,25087
DA:161,25087
DA:162,25087
DA:163,25087
DA:167,24163
DA:168,23308
DA:172,24163
DA:173,24163
DA:174,24163
DA:175,977
DA:176,977
DA:177,977
DA:178,977
DA:182,24163
DA:183,23225
DA:187,24163
DA:188,74
DA:189,24089
DA:190,18
DA:191,10
DA:192,8
DA:193,8
DA:195,24071
DA:196,21
DA:197,16
DA:198,5
DA:199,2
DA:201,24050
DA:202,1457
DA:205,22596
DA:211,2
DA:216,6039
DA:217,6039
DA:219,6039
DA:220,24156
DA:226,24156
DA:227,1561
DA:231,6039
DA:237,2
DA:241,228
DA:242,228
DA:244,228
DA:245,3420
DA:246,51300
DA:247,51300
DA:248,50337
DA:252,228
DA:258,2
DA:263,5
DA:264,3
DA:265,3
DA:266,2
DA:276,3
DA:277,1
DA:281,2
DA:287,2
DA:291,10
DA:293,10
DA:309,2
DA:310,225
DA:313,225
DA:314,225
DA:315,29
DA:316,29
DA:320,196
DA:321,2940
DA:322,44100
DA:324,1483
DA:325,8481
DA:326,49875
DA:327,49875
DA:328,49875
DA:332,10175
DA:340,196
DA:341,7371
DA:342,7371
LF:128
LH:128
BRDA:50,0,0,224846
BRDA:50,0,1,222597
BRDA:50,0,2,220575
BRDA:50,0,3,218642
BRDA:85,1,0,26137
BRDA:85,1,1,26060
BRDA:95,2,0,26086
BRDA:95,2,1,25953
BRDA:120,3,0,115
BRDA:120,3,1,24945
BRDA:134,4,0,5
BRDA:134,4,1,667
BRDA:159,5,0,49250
BRDA:159,5,1,49180
BRDA:167,6,0,23308
BRDA:167,6,1,855
BRDA:167,7,0,24163
BRDA:167,7,1,24093
BRDA:174,8,0,25140
BRDA:174,8,1,25014
BRDA:182,9,0,23225
BRDA:182,9,1,938
BRDA:182,10,0,24163
BRDA:182,10,1,24037
BRDA:187,11,0,74
BRDA:187,11,1,24089
BRDA:189,12,0,18
BRDA:189,12,1,24071
BRDA:190,13,0,10
BRDA:190,13,1,8
BRDA:192,14,0,8
BRDA:192,14,1,0
BRDA:195,15,0,21
BRDA:195,15,1,24050
BRDA:196,16,0,16
BRDA:196,16,1,5
BRDA:198,17,0,2
BRDA:198,17,1,3
BRDA:201,18,0,1457
BRDA:201,18,1,22593
BRDA:201,19,0,24050
BRDA:201,19,1,1462
BRDA:226,20,0,1561
BRDA:226,20,1,22595
BRDA:247,21,0,963
BRDA:247,21,1,50337
BRDA:248,22,0,750
BRDA:248,22,1,49587
BRDA:263,23,0,3
BRDA:263,23,1,2
BRDA:265,24,0,2
BRDA:265,24,1,1
BRDA:276,25,0,1
BRDA:276,25,1,2
BRDA:288,26,0,5
BRDA:289,27,0,7
BRDA:309,28,0,3
BRDA:314,29,0,29
BRDA:314,29,1,196
BRDA:314,30,0,225
BRDA:314,30,1,45
BRDA:322,31,0,1483
BRDA:322,31,1,42617
BRDA:328,32,0,10175
BRDA:328,32,1,39700
BRDA:329,33,0,49875
BRDA:329,33,1,42442
BRF:67
BRH:66
end_of_record
TN:
SF:src/lib/utils.ts
FN:4,cn
FNF:1
FNH:0
FNDA:0,cn
DA:1,0
DA:2,0
DA:4,0
DA:5,0
LF:4
LH:0
BRF:0
BRH:0
end_of_record
TN:
SF:src/pages/GomokuGame.tsx
FN:16,GomokuGame
FN:38,(anonymous_1)
FN:60,(anonymous_2)
FN:79,(anonymous_3)
FN:85,(anonymous_4)
FN:91,(anonymous_5)
FN:195,(anonymous_6)
FN:207,(anonymous_7)
FN:218,(anonymous_8)
FNF:9
FNH:0
FNDA:0,GomokuGame
FNDA:0,(anonymous_1)
FNDA:0,(anonymous_2)
FNDA:0,(anonymous_3)
FNDA:0,(anonymous_4)
FNDA:0,(anonymous_5)
FNDA:0,(anonymous_6)
FNDA:0,(anonymous_7)
FNDA:0,(anonymous_8)
DA:6,0
DA:7,0
DA:8,0
DA:9,0
DA:10,0
DA:11,0
DA:12,0
DA:13,0
DA:14,0
DA:16,0
DA:25,0
DA:27,0
DA:28,0
DA:29,0
DA:31,0
DA:32,0
DA:33,0
DA:38,0
DA:39,0
DA:41,0
DA:42,0
DA:44,0
DA:45,0
DA:47,0
DA:48,0
DA:49,0
DA:51,0
DA:52,0
DA:54,0
DA:55,0
DA:56,0
DA:60,0
DA:61,0
DA:65,0
DA:79,0
DA:80,0
DA:81,0
DA:85,0
DA:86,0
DA:87,0
DA:90,0
DA:92,0
DA:93,0
DA:98,0
DA:195,0
DA:207,0
DA:218,0
LF:47
LH:0
BRDA:41,0,0,0
BRDA:41,0,1,0
BRDA:41,1,0,0
BRDA:41,1,1,0
BRDA:44,2,0,0
BRDA:44,2,1,0
BRDA:45,3,0,0
BRDA:45,3,1,0
BRDA:49,4,0,0
BRDA:49,4,1,0
BRDA:54,5,0,0
BRDA:54,5,1,0
BRDA:80,6,0,0
BRDA:80,6,1,0
BRDA:156,7,0,0
BRDA:156,7,1,0
BRDA:167,8,0,0
BRDA:167,8,1,0
BRDA:168,9,0,0
BRDA:168,9,1,0
BRDA:171,10,0,0
BRDA:171,10,1,0
BRDA:172,11,0,0
BRDA:172,11,1,0
BRDA:185,12,0,0
BRDA:185,12,1,0
BRDA:201,13,0,0
BRDA:201,13,1,0
BRDA:214,14,0,0
BRDA:214,14,1,0
BRF:30
BRH:0
end_of_record
TN:
SF:src/types/gomoku.types.ts
FNF:0
FNH:0
DA:12,2
DA:69,2
LF:2
LH:2
BRF:0
BRH:0
end_of_record
